episode  0 score:  -21.0 average score -21.0 best score -inf epsilon 0.99 steps  852
... saving checkpoint ...
... saving checkpoint ...
episode  1 score:  -20.0 average score -20.5 best score -21.00 epsilon 0.98 steps  1770
... saving checkpoint ...
... saving checkpoint ...
episode  2 score:  -20.0 average score -20.3 best score -20.50 epsilon 0.97 steps  2641
... saving checkpoint ...
... saving checkpoint ...
episode  3 score:  -21.0 average score -20.5 best score -20.33 epsilon 0.97 steps  3467
episode  4 score:  -21.0 average score -20.6 best score -20.33 epsilon 0.96 steps  4380
episode  5 score:  -19.0 average score -20.3 best score -20.33 epsilon 0.95 steps  5431
episode  6 score:  -19.0 average score -20.1 best score -20.33 epsilon 0.94 steps  6352
... saving checkpoint ...
... saving checkpoint ...
episode  7 score:  -21.0 average score -20.2 best score -20.14 epsilon 0.93 steps  7176
episode  8 score:  -20.0 average score -20.2 best score -20.14 epsilon 0.92 steps  8222
episode  9 score:  -19.0 average score -20.1 best score -20.14 epsilon 0.91 steps  9293
... saving checkpoint ...
... saving checkpoint ...
episode  10 score:  -21.0 average score -20.2 best score -20.10 epsilon 0.90 steps  10132
episode  11 score:  -21.0 average score -20.2 best score -20.10 epsilon 0.89 steps  11063
episode  12 score:  -21.0 average score -20.3 best score -20.10 epsilon 0.88 steps  11856
episode  13 score:  -21.0 average score -20.4 best score -20.10 epsilon 0.87 steps  12844
episode  14 score:  -21.0 average score -20.4 best score -20.10 epsilon 0.86 steps  13668
episode  15 score:  -21.0 average score -20.4 best score -20.10 epsilon 0.86 steps  14492
episode  16 score:  -20.0 average score -20.4 best score -20.10 epsilon 0.85 steps  15520
episode  17 score:  -20.0 average score -20.4 best score -20.10 epsilon 0.84 steps  16480
episode  18 score:  -21.0 average score -20.4 best score -20.10 epsilon 0.83 steps  17392
episode  19 score:  -19.0 average score -20.4 best score -20.10 epsilon 0.82 steps  18312
episode  20 score:  -19.0 average score -20.3 best score -20.10 epsilon 0.81 steps  19410
episode  21 score:  -21.0 average score -20.3 best score -20.10 epsilon 0.80 steps  20309
episode  22 score:  -21.0 average score -20.3 best score -20.10 epsilon 0.79 steps  21092
episode  23 score:  -21.0 average score -20.4 best score -20.10 epsilon 0.78 steps  21904
episode  24 score:  -20.0 average score -20.4 best score -20.10 epsilon 0.77 steps  22794
episode  25 score:  -20.0 average score -20.3 best score -20.10 epsilon 0.76 steps  23732
episode  26 score:  -19.0 average score -20.3 best score -20.10 epsilon 0.75 steps  24691
episode  27 score:  -20.0 average score -20.3 best score -20.10 epsilon 0.74 steps  25594
episode  28 score:  -20.0 average score -20.3 best score -20.10 epsilon 0.74 steps  26513
episode  29 score:  -18.0 average score -20.2 best score -20.10 epsilon 0.72 steps  27574
episode  30 score:  -19.0 average score -20.2 best score -20.10 epsilon 0.71 steps  28822
episode  31 score:  -21.0 average score -20.2 best score -20.10 epsilon 0.70 steps  29926
episode  32 score:  -21.0 average score -20.2 best score -20.10 epsilon 0.69 steps  30778
episode  33 score:  -21.0 average score -20.2 best score -20.10 epsilon 0.68 steps  31810
episode  34 score:  -21.0 average score -20.3 best score -20.10 epsilon 0.67 steps  32909
episode  35 score:  -21.0 average score -20.3 best score -20.10 epsilon 0.66 steps  33907
episode  36 score:  -19.0 average score -20.2 best score -20.10 epsilon 0.65 steps  35276
episode  37 score:  -18.0 average score -20.2 best score -20.10 epsilon 0.63 steps  36578
episode  38 score:  -20.0 average score -20.2 best score -20.10 epsilon 0.62 steps  37881
episode  39 score:  -20.0 average score -20.2 best score -20.10 epsilon 0.61 steps  38976
episode  40 score:  -20.0 average score -20.2 best score -20.10 epsilon 0.60 steps  40024
episode  41 score:  -19.0 average score -20.1 best score -20.10 epsilon 0.59 steps  41453
episode  42 score:  -20.0 average score -20.1 best score -20.10 epsilon 0.57 steps  42575
episode  43 score:  -20.0 average score -20.1 best score -20.10 epsilon 0.56 steps  43831
episode  44 score:  -18.0 average score -20.1 best score -20.10 epsilon 0.55 steps  45425
... saving checkpoint ...
... saving checkpoint ...
episode  45 score:  -19.0 average score -20.1 best score -20.09 epsilon 0.53 steps  46907
... saving checkpoint ...
... saving checkpoint ...
episode  46 score:  -19.0 average score -20.0 best score -20.07 epsilon 0.52 steps  48178
... saving checkpoint ...
... saving checkpoint ...
episode  47 score:  -20.0 average score -20.0 best score -20.04 epsilon 0.51 steps  49509
... saving checkpoint ...
... saving checkpoint ...
episode  48 score:  -19.0 average score -20.0 best score -20.04 epsilon 0.49 steps  50791
... saving checkpoint ...
... saving checkpoint ...
episode  49 score:  -18.0 average score -20.0 best score -20.02 epsilon 0.48 steps  52368
... saving checkpoint ...
... saving checkpoint ...
episode  50 score:  -20.0 average score -20.0 best score -19.98 epsilon 0.47 steps  53497
episode  51 score:  -18.0 average score -19.9 best score -19.98 epsilon 0.45 steps  54988
... saving checkpoint ...
... saving checkpoint ...
episode  52 score:  -18.0 average score -19.9 best score -19.94 epsilon 0.44 steps  56376
... saving checkpoint ...
... saving checkpoint ...
episode  53 score:  -18.0 average score -19.9 best score -19.91 epsilon 0.42 steps  57870
... saving checkpoint ...
... saving checkpoint ...
episode  54 score:  -20.0 average score -19.9 best score -19.87 epsilon 0.41 steps  59377
episode  55 score:  -18.0 average score -19.8 best score -19.87 epsilon 0.39 steps  61051
... saving checkpoint ...
... saving checkpoint ...
episode  56 score:  -16.0 average score -19.8 best score -19.84 epsilon 0.37 steps  63252
... saving checkpoint ...
... saving checkpoint ...
episode  57 score:  -19.0 average score -19.8 best score -19.77 epsilon 0.35 steps  64839
... saving checkpoint ...
... saving checkpoint ...
episode  58 score:  -19.0 average score -19.7 best score -19.76 epsilon 0.34 steps  66330
... saving checkpoint ...
... saving checkpoint ...
episode  59 score:  -18.0 average score -19.7 best score -19.75 epsilon 0.32 steps  68396
... saving checkpoint ...
... saving checkpoint ...
episode  60 score:  -19.0 average score -19.7 best score -19.72 epsilon 0.30 steps  70143
... saving checkpoint ...
... saving checkpoint ...
episode  61 score:  -17.0 average score -19.7 best score -19.70 epsilon 0.28 steps  71975
... saving checkpoint ...
... saving checkpoint ...
episode  62 score:  -15.0 average score -19.6 best score -19.66 epsilon 0.26 steps  74287
... saving checkpoint ...
... saving checkpoint ...
episode  63 score:  -16.0 average score -19.5 best score -19.59 epsilon 0.23 steps  76548
... saving checkpoint ...
... saving checkpoint ...
episode  64 score:  -17.0 average score -19.5 best score -19.53 epsilon 0.22 steps  78297
... saving checkpoint ...
... saving checkpoint ...
episode  65 score:  -17.0 average score -19.5 best score -19.49 epsilon 0.20 steps  80308
... saving checkpoint ...
... saving checkpoint ...
episode  66 score:  -17.0 average score -19.4 best score -19.45 epsilon 0.18 steps  82444
... saving checkpoint ...
... saving checkpoint ...
episode  67 score:  -14.0 average score -19.3 best score -19.42 epsilon 0.15 steps  84813
... saving checkpoint ...
... saving checkpoint ...
episode  68 score:  -17.0 average score -19.3 best score -19.34 epsilon 0.13 steps  87323
... saving checkpoint ...
... saving checkpoint ...
episode  69 score:  -19.0 average score -19.3 best score -19.30 epsilon 0.11 steps  89456
... saving checkpoint ...
... saving checkpoint ...
episode  70 score:  -12.0 average score -19.2 best score -19.30 epsilon 0.10 steps  91909
... saving checkpoint ...
... saving checkpoint ...
episode  71 score:  -18.0 average score -19.2 best score -19.20 epsilon 0.10 steps  93943
... saving checkpoint ...
... saving checkpoint ...
episode  72 score:  -16.0 average score -19.1 best score -19.18 epsilon 0.10 steps  96249
... saving checkpoint ...
... saving checkpoint ...
episode  73 score:  -14.0 average score -19.1 best score -19.14 epsilon 0.10 steps  98765
... saving checkpoint ...
... saving checkpoint ...
episode  74 score:  -16.0 average score -19.0 best score -19.07 epsilon 0.10 steps  101370
... saving checkpoint ...
... saving checkpoint ...
episode  75 score:  -13.0 average score -18.9 best score -19.03 epsilon 0.10 steps  104382
... saving checkpoint ...
... saving checkpoint ...
episode  76 score:  -15.0 average score -18.9 best score -18.95 epsilon 0.10 steps  106800
... saving checkpoint ...
... saving checkpoint ...
episode  77 score:  -13.0 average score -18.8 best score -18.90 epsilon 0.10 steps  109303
... saving checkpoint ...
... saving checkpoint ...
episode  78 score:  -16.0 average score -18.8 best score -18.82 epsilon 0.10 steps  111720
... saving checkpoint ...
... saving checkpoint ...
episode  79 score:  -18.0 average score -18.8 best score -18.78 epsilon 0.10 steps  113484
... saving checkpoint ...
... saving checkpoint ...
episode  80 score:  -17.0 average score -18.8 best score -18.77 epsilon 0.10 steps  115619
... saving checkpoint ...
... saving checkpoint ...
episode  81 score:  -12.0 average score -18.7 best score -18.75 epsilon 0.10 steps  118405
... saving checkpoint ...
... saving checkpoint ...
episode  82 score:  -19.0 average score -18.7 best score -18.67 epsilon 0.10 steps  120647
episode  83 score:  -12.0 average score -18.6 best score -18.67 epsilon 0.10 steps  123659
... saving checkpoint ...
... saving checkpoint ...
episode  84 score:  -15.0 average score -18.6 best score -18.60 epsilon 0.10 steps  126066
... saving checkpoint ...
... saving checkpoint ...
episode  85 score:  -15.0 average score -18.5 best score -18.55 epsilon 0.10 steps  129250
... saving checkpoint ...
... saving checkpoint ...
episode  86 score:  -5.0 average score -18.4 best score -18.51 epsilon 0.10 steps  132800
... saving checkpoint ...
... saving checkpoint ...
episode  87 score:  -12.0 average score -18.3 best score -18.36 epsilon 0.10 steps  135575
... saving checkpoint ...
... saving checkpoint ...
episode  88 score:  -17.0 average score -18.3 best score -18.28 epsilon 0.10 steps  137847
... saving checkpoint ...
... saving checkpoint ...
episode  89 score:  -18.0 average score -18.3 best score -18.27 epsilon 0.10 steps  140159
... saving checkpoint ...
... saving checkpoint ...
episode  90 score:  -15.0 average score -18.2 best score -18.27 epsilon 0.10 steps  143039
... saving checkpoint ...
... saving checkpoint ...
episode  91 score:  -12.0 average score -18.2 best score -18.23 epsilon 0.10 steps  145682
... saving checkpoint ...
... saving checkpoint ...
episode  92 score:  -17.0 average score -18.2 best score -18.16 epsilon 0.10 steps  148715
... saving checkpoint ...
... saving checkpoint ...
episode  93 score:  -11.0 average score -18.1 best score -18.15 epsilon 0.10 steps  152047
... saving checkpoint ...
... saving checkpoint ...
episode  94 score:  -13.0 average score -18.0 best score -18.07 epsilon 0.10 steps  155128
... saving checkpoint ...
... saving checkpoint ...
episode  95 score:  -9.0 average score -17.9 best score -18.02 epsilon 0.10 steps  158381
... saving checkpoint ...
... saving checkpoint ...
episode  96 score:  -16.0 average score -17.9 best score -17.93 epsilon 0.10 steps  161078
... saving checkpoint ...
... saving checkpoint ...
episode  97 score:  -9.0 average score -17.8 best score -17.91 epsilon 0.10 steps  164238
... saving checkpoint ...
... saving checkpoint ...
episode  98 score:  -4.0 average score -17.7 best score -17.82 epsilon 0.10 steps  167873
... saving checkpoint ...
... saving checkpoint ...
episode  99 score:  -14.0 average score -17.6 best score -17.68 epsilon 0.10 steps  169881
... saving checkpoint ...
... saving checkpoint ...
episode  100 score:  -7.0 average score -17.5 best score -17.64 epsilon 0.10 steps  172987
... saving checkpoint ...
... saving checkpoint ...
episode  101 score:  -7.0 average score -17.4 best score -17.50 epsilon 0.10 steps  176226
... saving checkpoint ...
... saving checkpoint ...
episode  102 score:  -15.0 average score -17.3 best score -17.37 epsilon 0.10 steps  178387
... saving checkpoint ...
... saving checkpoint ...
episode  103 score:  -9.0 average score -17.2 best score -17.32 epsilon 0.10 steps  181048
... saving checkpoint ...
... saving checkpoint ...
episode  104 score:  -3.0 average score -17.0 best score -17.20 epsilon 0.10 steps  184600
... saving checkpoint ...
... saving checkpoint ...
episode  105 score:  3.0 average score -16.8 best score -17.02 epsilon 0.10 steps  187774
... saving checkpoint ...
... saving checkpoint ...
episode  106 score:  -6.0 average score -16.7 best score -16.80 epsilon 0.10 steps  191242
... saving checkpoint ...
... saving checkpoint ...
episode  107 score:  -13.0 average score -16.6 best score -16.67 epsilon 0.10 steps  193937
... saving checkpoint ...
... saving checkpoint ...
episode  108 score:  -9.0 average score -16.5 best score -16.59 epsilon 0.10 steps  196962
... saving checkpoint ...
... saving checkpoint ...
episode  109 score:  11.0 average score -16.2 best score -16.48 epsilon 0.10 steps  199403
... saving checkpoint ...
... saving checkpoint ...
episode  110 score:  6.0 average score -15.9 best score -16.18 epsilon 0.10 steps  202246
... saving checkpoint ...
... saving checkpoint ...
episode  111 score:  -10.0 average score -15.8 best score -15.91 epsilon 0.10 steps  204602
... saving checkpoint ...
... saving checkpoint ...
episode  112 score:  9.0 average score -15.5 best score -15.80 epsilon 0.10 steps  207288
... saving checkpoint ...
... saving checkpoint ...
episode  113 score:  2.0 average score -15.3 best score -15.50 epsilon 0.10 steps  211094
... saving checkpoint ...
... saving checkpoint ...
episode  114 score:  7.0 average score -15.0 best score -15.27 epsilon 0.10 steps  214228
... saving checkpoint ...
... saving checkpoint ...
episode  115 score:  11.0 average score -14.7 best score -14.99 epsilon 0.10 steps  216721
... saving checkpoint ...
... saving checkpoint ...
episode  116 score:  -3.0 average score -14.5 best score -14.67 epsilon 0.10 steps  220046
... saving checkpoint ...
... saving checkpoint ...
episode  117 score:  3.0 average score -14.3 best score -14.50 epsilon 0.10 steps  223394
... saving checkpoint ...
... saving checkpoint ...
episode  118 score:  14.0 average score -13.9 best score -14.27 epsilon 0.10 steps  226081
... saving checkpoint ...
... saving checkpoint ...
episode  119 score:  -8.0 average score -13.8 best score -13.92 epsilon 0.10 steps  229005
... saving checkpoint ...
... saving checkpoint ...
episode  120 score:  6.0 average score -13.6 best score -13.81 epsilon 0.10 steps  232075
... saving checkpoint ...
... saving checkpoint ...
episode  121 score:  5.0 average score -13.3 best score -13.56 epsilon 0.10 steps  235300
... saving checkpoint ...
... saving checkpoint ...
episode  122 score:  5.0 average score -13.0 best score -13.30 epsilon 0.10 steps  238154
... saving checkpoint ...
... saving checkpoint ...
episode  123 score:  15.0 average score -12.7 best score -13.04 epsilon 0.10 steps  240472
... saving checkpoint ...
... saving checkpoint ...
episode  124 score:  9.0 average score -12.4 best score -12.68 epsilon 0.10 steps  243718
... saving checkpoint ...
... saving checkpoint ...
episode  125 score:  10.0 average score -12.1 best score -12.39 epsilon 0.10 steps  246413
... saving checkpoint ...
... saving checkpoint ...
episode  126 score:  12.0 average score -11.8 best score -12.09 epsilon 0.10 steps  248863
... saving checkpoint ...
... saving checkpoint ...
episode  127 score:  16.0 average score -11.4 best score -11.78 epsilon 0.10 steps  251344
... saving checkpoint ...
... saving checkpoint ...
episode  128 score:  10.0 average score -11.1 best score -11.42 epsilon 0.10 steps  254144
... saving checkpoint ...
... saving checkpoint ...
episode  129 score:  10.0 average score -10.8 best score -11.12 epsilon 0.10 steps  256986
... saving checkpoint ...
... saving checkpoint ...
episode  130 score:  10.0 average score -10.6 best score -10.84 epsilon 0.10 steps  259919
... saving checkpoint ...
... saving checkpoint ...
episode  131 score:  11.0 average score -10.2 best score -10.55 epsilon 0.10 steps  262570
... saving checkpoint ...
... saving checkpoint ...
episode  132 score:  14.0 average score -9.9 best score -10.23 epsilon 0.10 steps  264924
... saving checkpoint ...
... saving checkpoint ...
episode  133 score:  10.0 average score -9.6 best score -9.88 epsilon 0.10 steps  267557
... saving checkpoint ...
... saving checkpoint ...
episode  134 score:  10.0 average score -9.3 best score -9.57 epsilon 0.10 steps  270349
... saving checkpoint ...
... saving checkpoint ...
episode  135 score:  1.0 average score -9.0 best score -9.26 epsilon 0.10 steps  273868
... saving checkpoint ...
... saving checkpoint ...
episode  136 score:  7.0 average score -8.8 best score -9.04 epsilon 0.10 steps  276589
... saving checkpoint ...
... saving checkpoint ...
episode  137 score:  16.0 average score -8.4 best score -8.78 epsilon 0.10 steps  278782
... saving checkpoint ...
... saving checkpoint ...
episode  138 score:  10.0 average score -8.1 best score -8.44 epsilon 0.10 steps  281980
... saving checkpoint ...
... saving checkpoint ...
episode  139 score:  16.0 average score -7.8 best score -8.14 epsilon 0.10 steps  284157
... saving checkpoint ...
... saving checkpoint ...
episode  140 score:  17.0 average score -7.4 best score -7.78 epsilon 0.10 steps  286501
... saving checkpoint ...
... saving checkpoint ...
episode  141 score:  8.0 average score -7.1 best score -7.41 epsilon 0.10 steps  289481
... saving checkpoint ...
... saving checkpoint ...
episode  142 score:  15.0 average score -6.8 best score -7.14 epsilon 0.10 steps  291685
... saving checkpoint ...
... saving checkpoint ...
episode  143 score:  13.0 average score -6.5 best score -6.79 epsilon 0.10 steps  294143
... saving checkpoint ...
... saving checkpoint ...
episode  144 score:  12.0 average score -6.2 best score -6.46 epsilon 0.10 steps  296592
... saving checkpoint ...
... saving checkpoint ...
episode  145 score:  19.0 average score -5.8 best score -6.16 epsilon 0.10 steps  298534
... saving checkpoint ...
... saving checkpoint ...
episode  146 score:  17.0 average score -5.4 best score -5.78 epsilon 0.10 steps  300559
... saving checkpoint ...
... saving checkpoint ...
episode  147 score:  11.0 average score -5.1 best score -5.42 epsilon 0.10 steps  303238
... saving checkpoint ...
... saving checkpoint ...
episode  148 score:  12.0 average score -4.8 best score -5.11 epsilon 0.10 steps  305654
... saving checkpoint ...
... saving checkpoint ...
episode  149 score:  16.0 average score -4.5 best score -4.80 epsilon 0.10 steps  307749
... saving checkpoint ...
... saving checkpoint ...
episode  150 score:  10.0 average score -4.2 best score -4.46 epsilon 0.10 steps  310487
... saving checkpoint ...
... saving checkpoint ...
episode  151 score:  17.0 average score -3.8 best score -4.16 epsilon 0.10 steps  312561
... saving checkpoint ...
... saving checkpoint ...
episode  152 score:  12.0 average score -3.5 best score -3.81 epsilon 0.10 steps  315105
... saving checkpoint ...
... saving checkpoint ...
episode  153 score:  15.0 average score -3.2 best score -3.51 epsilon 0.10 steps  317316
... saving checkpoint ...
... saving checkpoint ...
episode  154 score:  14.0 average score -2.8 best score -3.18 epsilon 0.10 steps  319619
... saving checkpoint ...
... saving checkpoint ...
episode  155 score:  -1.0 average score -2.7 best score -2.84 epsilon 0.10 steps  323089
... saving checkpoint ...
... saving checkpoint ...
episode  156 score:  10.0 average score -2.4 best score -2.67 epsilon 0.10 steps  325860
... saving checkpoint ...
... saving checkpoint ...
episode  157 score:  13.0 average score -2.1 best score -2.41 epsilon 0.10 steps  328676
... saving checkpoint ...
... saving checkpoint ...
episode  158 score:  15.0 average score -1.8 best score -2.09 epsilon 0.10 steps  331386
... saving checkpoint ...
... saving checkpoint ...
episode  159 score:  3.0 average score -1.5 best score -1.75 epsilon 0.10 steps  334359
... saving checkpoint ...
... saving checkpoint ...
episode  160 score:  11.0 average score -1.2 best score -1.54 epsilon 0.10 steps  337358
... saving checkpoint ...
... saving checkpoint ...
episode  161 score:  10.0 average score -1.0 best score -1.24 epsilon 0.10 steps  339815
... saving checkpoint ...
... saving checkpoint ...
episode  162 score:  16.0 average score -0.7 best score -0.97 epsilon 0.10 steps  341878
... saving checkpoint ...
... saving checkpoint ...
episode  163 score:  13.0 average score -0.4 best score -0.66 epsilon 0.10 steps  344598
... saving checkpoint ...
... saving checkpoint ...
episode  164 score:  15.0 average score -0.1 best score -0.37 epsilon 0.10 steps  346805
... saving checkpoint ...
... saving checkpoint ...
episode  165 score:  15.0 average score 0.3 best score -0.05 epsilon 0.10 steps  349014
... saving checkpoint ...
... saving checkpoint ...
episode  166 score:  10.0 average score 0.5 best score 0.27 epsilon 0.10 steps  351880
... saving checkpoint ...
... saving checkpoint ...
episode  167 score:  11.0 average score 0.8 best score 0.54 epsilon 0.10 steps  354510
... saving checkpoint ...
... saving checkpoint ...
episode  168 score:  12.0 average score 1.1 best score 0.79 epsilon 0.10 steps  357171
... saving checkpoint ...
... saving checkpoint ...
episode  169 score:  16.0 average score 1.4 best score 1.08 epsilon 0.10 steps  360141
... saving checkpoint ...
... saving checkpoint ...
episode  170 score:  15.0 average score 1.7 best score 1.43 epsilon 0.10 steps  362490
... saving checkpoint ...
... saving checkpoint ...
episode  171 score:  12.0 average score 2.0 best score 1.70 epsilon 0.10 steps  364762
... saving checkpoint ...
... saving checkpoint ...
episode  172 score:  15.0 average score 2.3 best score 2.00 epsilon 0.10 steps  367043
... saving checkpoint ...
... saving checkpoint ...
episode  173 score:  13.0 average score 2.6 best score 2.31 epsilon 0.10 steps  369654
... saving checkpoint ...
... saving checkpoint ...
episode  174 score:  8.0 average score 2.8 best score 2.58 epsilon 0.10 steps  372243
... saving checkpoint ...
... saving checkpoint ...
episode  175 score:  12.0 average score 3.1 best score 2.82 epsilon 0.10 steps  374660
... saving checkpoint ...
... saving checkpoint ...
episode  176 score:  14.0 average score 3.4 best score 3.07 epsilon 0.10 steps  377040
... saving checkpoint ...
... saving checkpoint ...
episode  177 score:  12.0 average score 3.6 best score 3.36 epsilon 0.10 steps  379439
... saving checkpoint ...
... saving checkpoint ...
episode  178 score:  13.0 average score 3.9 best score 3.61 epsilon 0.10 steps  381829
... saving checkpoint ...
... saving checkpoint ...
episode  179 score:  17.0 average score 4.2 best score 3.90 epsilon 0.10 steps  383859
... saving checkpoint ...
... saving checkpoint ...
episode  180 score:  9.0 average score 4.5 best score 4.25 epsilon 0.10 steps  386615
... saving checkpoint ...
... saving checkpoint ...
episode  181 score:  18.0 average score 4.8 best score 4.51 epsilon 0.10 steps  388836
... saving checkpoint ...
... saving checkpoint ...
episode  182 score:  14.0 average score 5.1 best score 4.81 epsilon 0.10 steps  391063
... saving checkpoint ...
... saving checkpoint ...
episode  183 score:  19.0 average score 5.5 best score 5.14 epsilon 0.10 steps  392946
... saving checkpoint ...
... saving checkpoint ...
episode  184 score:  18.0 average score 5.8 best score 5.45 epsilon 0.10 steps  394802
... saving checkpoint ...
... saving checkpoint ...
episode  185 score:  11.0 average score 6.0 best score 5.78 epsilon 0.10 steps  397204
... saving checkpoint ...
... saving checkpoint ...
episode  186 score:  16.0 average score 6.2 best score 6.04 epsilon 0.10 steps  399426
... saving checkpoint ...
... saving checkpoint ...
episode  187 score:  14.0 average score 6.5 best score 6.25 epsilon 0.10 steps  401856
... saving checkpoint ...
... saving checkpoint ...
episode  188 score:  16.0 average score 6.8 best score 6.51 epsilon 0.10 steps  403899
... saving checkpoint ...
... saving checkpoint ...
episode  189 score:  10.0 average score 7.1 best score 6.84 epsilon 0.10 steps  406192
... saving checkpoint ...
... saving checkpoint ...
episode  190 score:  10.0 average score 7.4 best score 7.12 epsilon 0.10 steps  408743
... saving checkpoint ...
... saving checkpoint ...
episode  191 score:  10.0 average score 7.6 best score 7.37 epsilon 0.10 steps  411472
... saving checkpoint ...
... saving checkpoint ...
episode  192 score:  15.0 average score 7.9 best score 7.59 epsilon 0.10 steps  413652
... saving checkpoint ...
... saving checkpoint ...
episode  193 score:  16.0 average score 8.2 best score 7.91 epsilon 0.10 steps  415960
... saving checkpoint ...
... saving checkpoint ...
episode  194 score:  14.0 average score 8.4 best score 8.18 epsilon 0.10 steps  418441
... saving checkpoint ...
... saving checkpoint ...
episode  195 score:  14.0 average score 8.7 best score 8.45 epsilon 0.10 steps  420652
... saving checkpoint ...
... saving checkpoint ...
episode  196 score:  16.0 average score 9.0 best score 8.68 epsilon 0.10 steps  422770
... saving checkpoint ...
... saving checkpoint ...
episode  197 score:  13.0 average score 9.2 best score 9.00 epsilon 0.10 steps  424960
... saving checkpoint ...
... saving checkpoint ...
episode  198 score:  15.0 average score 9.4 best score 9.22 epsilon 0.10 steps  427232
... saving checkpoint ...
... saving checkpoint ...
episode  199 score:  3.0 average score 9.6 best score 9.41 epsilon 0.10 steps  430543
... saving checkpoint ...
... saving checkpoint ...
episode  200 score:  13.0 average score 9.8 best score 9.58 epsilon 0.10 steps  433111
... saving checkpoint ...
... saving checkpoint ...
episode  201 score:  7.0 average score 9.9 best score 9.78 epsilon 0.10 steps  436139
... saving checkpoint ...
... saving checkpoint ...
episode  202 score:  5.0 average score 10.1 best score 9.92 epsilon 0.10 steps  439225
... saving checkpoint ...
... saving checkpoint ...
episode  203 score:  14.0 average score 10.3 best score 10.12 epsilon 0.10 steps  441448
... saving checkpoint ...
... saving checkpoint ...
episode  204 score:  13.0 average score 10.5 best score 10.35 epsilon 0.10 steps  443836
... saving checkpoint ...
... saving checkpoint ...
episode  205 score:  10.0 average score 10.6 best score 10.51 epsilon 0.10 steps  446297
... saving checkpoint ...
... saving checkpoint ...
episode  206 score:  17.0 average score 10.8 best score 10.58 epsilon 0.10 steps  448367
... saving checkpoint ...
... saving checkpoint ...
episode  207 score:  13.0 average score 11.1 best score 10.81 epsilon 0.10 steps  451102
... saving checkpoint ...
... saving checkpoint ...
episode  208 score:  11.0 average score 11.3 best score 11.07 epsilon 0.10 steps  453391
... saving checkpoint ...
... saving checkpoint ...
episode  209 score:  11.0 average score 11.3 best score 11.27 epsilon 0.10 steps  456110
episode  210 score:  20.0 average score 11.4 best score 11.27 epsilon 0.10 steps  457877
... saving checkpoint ...
... saving checkpoint ...
episode  211 score:  12.0 average score 11.6 best score 11.41 epsilon 0.10 steps  460800
... saving checkpoint ...
... saving checkpoint ...
episode  212 score:  15.0 average score 11.7 best score 11.63 epsilon 0.10 steps  463082
... saving checkpoint ...
... saving checkpoint ...
episode  213 score:  13.0 average score 11.8 best score 11.69 epsilon 0.10 steps  465806
... saving checkpoint ...
... saving checkpoint ...
episode  214 score:  18.0 average score 11.9 best score 11.80 epsilon 0.10 steps  467780
... saving checkpoint ...
... saving checkpoint ...
episode  215 score:  12.0 average score 11.9 best score 11.91 epsilon 0.10 steps  470007
... saving checkpoint ...
... saving checkpoint ...
episode  216 score:  16.0 average score 12.1 best score 11.92 epsilon 0.10 steps  472144
... saving checkpoint ...
... saving checkpoint ...
episode  217 score:  12.0 average score 12.2 best score 12.11 epsilon 0.10 steps  474687
... saving checkpoint ...
... saving checkpoint ...
episode  218 score:  14.0 average score 12.2 best score 12.20 epsilon 0.10 steps  476723
episode  219 score:  16.0 average score 12.4 best score 12.20 epsilon 0.10 steps  478962
... saving checkpoint ...
... saving checkpoint ...
episode  220 score:  16.0 average score 12.5 best score 12.44 epsilon 0.10 steps  480957
... saving checkpoint ...
... saving checkpoint ...
episode  221 score:  9.0 average score 12.6 best score 12.54 epsilon 0.10 steps  483690
... saving checkpoint ...
... saving checkpoint ...
episode  222 score:  13.0 average score 12.7 best score 12.58 epsilon 0.10 steps  485961
... saving checkpoint ...
... saving checkpoint ...
episode  223 score:  18.0 average score 12.7 best score 12.66 epsilon 0.10 steps  488046
... saving checkpoint ...
... saving checkpoint ...
episode  224 score:  11.0 average score 12.7 best score 12.69 epsilon 0.10 steps  490708
... saving checkpoint ...
... saving checkpoint ...
episode  225 score:  15.0 average score 12.8 best score 12.71 epsilon 0.10 steps  493004
... saving checkpoint ...
... saving checkpoint ...
episode  226 score:  9.0 average score 12.7 best score 12.76 epsilon 0.10 steps  495756
episode  227 score:  13.0 average score 12.7 best score 12.76 epsilon 0.10 steps  498264
episode  228 score:  18.0 average score 12.8 best score 12.76 epsilon 0.10 steps  500240
... saving checkpoint ...
... saving checkpoint ...
episode  229 score:  11.0 average score 12.8 best score 12.78 epsilon 0.10 steps  502744
... saving checkpoint ...
... saving checkpoint ...
episode  230 score:  14.0 average score 12.8 best score 12.79 epsilon 0.10 steps  505087
... saving checkpoint ...
... saving checkpoint ...
episode  231 score:  8.0 average score 12.8 best score 12.83 epsilon 0.10 steps  507795
episode  232 score:  11.0 average score 12.8 best score 12.83 epsilon 0.10 steps  510619
episode  233 score:  12.0 average score 12.8 best score 12.83 epsilon 0.10 steps  513777
episode  234 score:  14.0 average score 12.8 best score 12.83 epsilon 0.10 steps  516184
episode  235 score:  14.0 average score 13.0 best score 12.83 epsilon 0.10 steps  518548
... saving checkpoint ...
... saving checkpoint ...
episode  236 score:  18.0 average score 13.1 best score 12.96 epsilon 0.10 steps  520579
... saving checkpoint ...
... saving checkpoint ...
episode  237 score:  12.0 average score 13.0 best score 13.07 epsilon 0.10 steps  523637
episode  238 score:  16.0 average score 13.1 best score 13.07 epsilon 0.10 steps  525793
... saving checkpoint ...
... saving checkpoint ...
episode  239 score:  20.0 average score 13.1 best score 13.09 epsilon 0.10 steps  527834
... saving checkpoint ...
... saving checkpoint ...
episode  240 score:  19.0 average score 13.2 best score 13.13 epsilon 0.10 steps  529834
... saving checkpoint ...
... saving checkpoint ...
episode  241 score:  15.0 average score 13.2 best score 13.15 epsilon 0.10 steps  531967
... saving checkpoint ...
... saving checkpoint ...
episode  242 score:  19.0 average score 13.3 best score 13.22 epsilon 0.10 steps  533931
... saving checkpoint ...
... saving checkpoint ...
episode  243 score:  17.0 average score 13.3 best score 13.26 epsilon 0.10 steps  536227
... saving checkpoint ...
... saving checkpoint ...
episode  244 score:  20.0 average score 13.4 best score 13.30 epsilon 0.10 steps  538131
... saving checkpoint ...
... saving checkpoint ...
episode  245 score:  10.0 average score 13.3 best score 13.38 epsilon 0.10 steps  540923
episode  246 score:  16.0 average score 13.3 best score 13.38 epsilon 0.10 steps  543276
episode  247 score:  19.0 average score 13.4 best score 13.38 epsilon 0.10 steps  545272
episode  248 score:  12.0 average score 13.4 best score 13.38 epsilon 0.10 steps  547803
episode  249 score:  17.0 average score 13.4 best score 13.38 epsilon 0.10 steps  549863
episode  250 score:  -1.0 average score 13.3 best score 13.38 epsilon 0.10 steps  552627
episode  251 score:  14.0 average score 13.2 best score 13.38 epsilon 0.10 steps  554742
episode  252 score:  17.0 average score 13.3 best score 13.38 epsilon 0.10 steps  556882
episode  253 score:  17.0 average score 13.3 best score 13.38 epsilon 0.10 steps  558960
episode  254 score:  20.0 average score 13.4 best score 13.38 epsilon 0.10 steps  560827
episode  255 score:  18.0 average score 13.6 best score 13.38 epsilon 0.10 steps  563264
... saving checkpoint ...
... saving checkpoint ...
episode  256 score:  11.0 average score 13.6 best score 13.55 epsilon 0.10 steps  565731
... saving checkpoint ...
... saving checkpoint ...
episode  257 score:  16.0 average score 13.6 best score 13.56 epsilon 0.10 steps  568023
... saving checkpoint ...
... saving checkpoint ...
episode  258 score:  19.0 average score 13.6 best score 13.59 epsilon 0.10 steps  570016
... saving checkpoint ...
... saving checkpoint ...
episode  259 score:  16.0 average score 13.8 best score 13.63 epsilon 0.10 steps  572062
... saving checkpoint ...
... saving checkpoint ...
episode  260 score:  17.0 average score 13.8 best score 13.76 epsilon 0.10 steps  574325
... saving checkpoint ...
... saving checkpoint ...
episode  261 score:  19.0 average score 13.9 best score 13.82 epsilon 0.10 steps  576336
... saving checkpoint ...
... saving checkpoint ...
episode  262 score:  10.0 average score 13.8 best score 13.91 epsilon 0.10 steps  579054
episode  263 score:  16.0 average score 13.9 best score 13.91 epsilon 0.10 steps  581215
episode  264 score:  14.0 average score 13.9 best score 13.91 epsilon 0.10 steps  583756
episode  265 score:  13.0 average score 13.8 best score 13.91 epsilon 0.10 steps  586620
episode  266 score:  15.0 average score 13.9 best score 13.91 epsilon 0.10 steps  589056
episode  267 score:  17.0 average score 14.0 best score 13.91 epsilon 0.10 steps  591682
... saving checkpoint ...
... saving checkpoint ...
episode  268 score:  18.0 average score 14.0 best score 13.96 epsilon 0.10 steps  593562
... saving checkpoint ...
... saving checkpoint ...
episode  269 score:  13.0 average score 14.0 best score 14.02 epsilon 0.10 steps  595795
episode  270 score:  16.0 average score 14.0 best score 14.02 epsilon 0.10 steps  598212
episode  271 score:  18.0 average score 14.1 best score 14.02 epsilon 0.10 steps  600025
... saving checkpoint ...
... saving checkpoint ...
episode  272 score:  17.0 average score 14.1 best score 14.06 epsilon 0.10 steps  602302
... saving checkpoint ...
... saving checkpoint ...
episode  273 score:  16.0 average score 14.1 best score 14.08 epsilon 0.10 steps  604424
... saving checkpoint ...
... saving checkpoint ...
episode  274 score:  14.0 average score 14.2 best score 14.11 epsilon 0.10 steps  606666
... saving checkpoint ...
... saving checkpoint ...
episode  275 score:  16.0 average score 14.2 best score 14.17 epsilon 0.10 steps  608872
... saving checkpoint ...
... saving checkpoint ...
episode  276 score:  11.0 average score 14.2 best score 14.21 epsilon 0.10 steps  611518
episode  277 score:  19.0 average score 14.2 best score 14.21 epsilon 0.10 steps  613522
... saving checkpoint ...
... saving checkpoint ...
episode  278 score:  16.0 average score 14.3 best score 14.25 epsilon 0.10 steps  615741
... saving checkpoint ...
... saving checkpoint ...
episode  279 score:  20.0 average score 14.3 best score 14.28 epsilon 0.10 steps  617539
... saving checkpoint ...
... saving checkpoint ...
episode  280 score:  18.0 average score 14.4 best score 14.31 epsilon 0.10 steps  619721
... saving checkpoint ...
... saving checkpoint ...
episode  281 score:  10.0 average score 14.3 best score 14.40 epsilon 0.10 steps  622632
episode  282 score:  13.0 average score 14.3 best score 14.40 epsilon 0.10 steps  625276
episode  283 score:  9.0 average score 14.2 best score 14.40 epsilon 0.10 steps  628173
episode  284 score:  14.0 average score 14.2 best score 14.40 epsilon 0.10 steps  630560
episode  285 score:  18.0 average score 14.2 best score 14.40 epsilon 0.10 steps  632821
episode  286 score:  15.0 average score 14.2 best score 14.40 epsilon 0.10 steps  635099
episode  287 score:  18.0 average score 14.3 best score 14.40 epsilon 0.10 steps  637255
episode  288 score:  15.0 average score 14.3 best score 14.40 epsilon 0.10 steps  639636
episode  289 score:  16.0 average score 14.3 best score 14.40 epsilon 0.10 steps  641859
episode  290 score:  13.0 average score 14.3 best score 14.40 epsilon 0.10 steps  644192
episode  291 score:  15.0 average score 14.4 best score 14.40 epsilon 0.10 steps  646503
episode  292 score:  17.0 average score 14.4 best score 14.40 epsilon 0.10 steps  648402
... saving checkpoint ...
... saving checkpoint ...
episode  293 score:  14.0 average score 14.4 best score 14.42 epsilon 0.10 steps  650573
episode  294 score:  13.0 average score 14.4 best score 14.42 epsilon 0.10 steps  653127
episode  295 score:  15.0 average score 14.4 best score 14.42 epsilon 0.10 steps  655400
episode  296 score:  11.0 average score 14.3 best score 14.42 epsilon 0.10 steps  657996
episode  297 score:  18.0 average score 14.4 best score 14.42 epsilon 0.10 steps  659935
episode  298 score:  10.0 average score 14.3 best score 14.42 epsilon 0.10 steps  662449
episode  299 score:  17.0 average score 14.5 best score 14.42 epsilon 0.10 steps  664488
... saving checkpoint ...
... saving checkpoint ...
episode  300 score:  15.0 average score 14.5 best score 14.49 epsilon 0.10 steps  666817
... saving checkpoint ...
... saving checkpoint ...
episode  301 score:  9.0 average score 14.5 best score 14.51 epsilon 0.10 steps  669710
... saving checkpoint ...
... saving checkpoint ...
episode  302 score:  14.0 average score 14.6 best score 14.53 epsilon 0.10 steps  671950
... saving checkpoint ...
... saving checkpoint ...
episode  303 score:  13.0 average score 14.6 best score 14.62 epsilon 0.10 steps  674628
episode  304 score:  14.0 average score 14.6 best score 14.62 epsilon 0.10 steps  677016
episode  305 score:  11.0 average score 14.6 best score 14.62 epsilon 0.10 steps  679564
... saving checkpoint ...
... saving checkpoint ...
episode  306 score:  14.0 average score 14.6 best score 14.63 epsilon 0.10 steps  681794
episode  307 score:  18.0 average score 14.7 best score 14.63 epsilon 0.10 steps  683921
... saving checkpoint ...
... saving checkpoint ...
episode  308 score:  16.0 average score 14.7 best score 14.65 epsilon 0.10 steps  686012
... saving checkpoint ...
... saving checkpoint ...
episode  309 score:  15.0 average score 14.7 best score 14.70 epsilon 0.10 steps  688291
... saving checkpoint ...
... saving checkpoint ...
episode  310 score:  19.0 average score 14.7 best score 14.74 epsilon 0.10 steps  690246
episode  311 score:  17.0 average score 14.8 best score 14.74 epsilon 0.10 steps  692259
... saving checkpoint ...
... saving checkpoint ...
episode  312 score:  17.0 average score 14.8 best score 14.78 epsilon 0.10 steps  694410
... saving checkpoint ...
... saving checkpoint ...
episode  313 score:  12.0 average score 14.8 best score 14.80 epsilon 0.10 steps  696934
episode  314 score:  20.0 average score 14.8 best score 14.80 epsilon 0.10 steps  698996
... saving checkpoint ...
... saving checkpoint ...
episode  315 score:  15.0 average score 14.8 best score 14.81 epsilon 0.10 steps  701071
... saving checkpoint ...
... saving checkpoint ...
episode  316 score:  15.0 average score 14.8 best score 14.84 epsilon 0.10 steps  703275
episode  317 score:  14.0 average score 14.8 best score 14.84 epsilon 0.10 steps  705662
... saving checkpoint ...
... saving checkpoint ...
episode  318 score:  12.0 average score 14.8 best score 14.85 epsilon 0.10 steps  707995
episode  319 score:  15.0 average score 14.8 best score 14.85 epsilon 0.10 steps  710270
episode  320 score:  6.0 average score 14.7 best score 14.85 epsilon 0.10 steps  713601
episode  321 score:  18.0 average score 14.8 best score 14.85 epsilon 0.10 steps  715803
episode  322 score:  15.0 average score 14.8 best score 14.85 epsilon 0.10 steps  718185
episode  323 score:  11.0 average score 14.8 best score 14.85 epsilon 0.10 steps  720675
episode  324 score:  19.0 average score 14.8 best score 14.85 epsilon 0.10 steps  722485
episode  325 score:  8.0 average score 14.8 best score 14.85 epsilon 0.10 steps  725256
episode  326 score:  12.0 average score 14.8 best score 14.85 epsilon 0.10 steps  727649
episode  327 score:  19.0 average score 14.9 best score 14.85 epsilon 0.10 steps  729490
... saving checkpoint ...
... saving checkpoint ...
episode  328 score:  20.0 average score 14.9 best score 14.86 epsilon 0.10 steps  731442
... saving checkpoint ...
... saving checkpoint ...
episode  329 score:  12.0 average score 14.9 best score 14.88 epsilon 0.10 steps  733988
... saving checkpoint ...
... saving checkpoint ...
episode  330 score:  16.0 average score 14.9 best score 14.89 epsilon 0.10 steps  736067
... saving checkpoint ...
... saving checkpoint ...
episode  331 score:  17.0 average score 15.0 best score 14.91 epsilon 0.10 steps  738021
... saving checkpoint ...
... saving checkpoint ...
episode  332 score:  19.0 average score 15.1 best score 15.00 epsilon 0.10 steps  739901
... saving checkpoint ...
... saving checkpoint ...
episode  333 score:  17.0 average score 15.1 best score 15.08 epsilon 0.10 steps  742199
... saving checkpoint ...
... saving checkpoint ...
episode  334 score:  19.0 average score 15.2 best score 15.13 epsilon 0.10 steps  744110
... saving checkpoint ...
... saving checkpoint ...
episode  335 score:  12.0 average score 15.2 best score 15.18 epsilon 0.10 steps  746919
episode  336 score:  14.0 average score 15.1 best score 15.18 epsilon 0.10 steps  749260
episode  337 score:  8.0 average score 15.1 best score 15.18 epsilon 0.10 steps  751764
episode  338 score:  17.0 average score 15.1 best score 15.18 epsilon 0.10 steps  753777
episode  339 score:  15.0 average score 15.0 best score 15.18 epsilon 0.10 steps  756009
episode  340 score:  18.0 average score 15.0 best score 15.18 epsilon 0.10 steps  758105
episode  341 score:  19.0 average score 15.1 best score 15.18 epsilon 0.10 steps  759828
episode  342 score:  16.0 average score 15.0 best score 15.18 epsilon 0.10 steps  762156
episode  343 score:  15.0 average score 15.0 best score 15.18 epsilon 0.10 steps  764359
episode  344 score:  16.0 average score 15.0 best score 15.18 epsilon 0.10 steps  766642
episode  345 score:  13.0 average score 15.0 best score 15.18 epsilon 0.10 steps  768875
episode  346 score:  13.0 average score 15.0 best score 15.18 epsilon 0.10 steps  771290
episode  347 score:  17.0 average score 15.0 best score 15.18 epsilon 0.10 steps  773327
episode  348 score:  18.0 average score 15.0 best score 15.18 epsilon 0.10 steps  775233
episode  349 score:  8.0 average score 14.9 best score 15.18 epsilon 0.10 steps  777922
episode  350 score:  16.0 average score 15.1 best score 15.18 epsilon 0.10 steps  780225
episode  351 score:  17.0 average score 15.1 best score 15.18 epsilon 0.10 steps  782178
episode  352 score:  13.0 average score 15.1 best score 15.18 epsilon 0.10 steps  784816
episode  353 score:  14.0 average score 15.1 best score 15.18 epsilon 0.10 steps  787235
episode  354 score:  15.0 average score 15.0 best score 15.18 epsilon 0.10 steps  789366
episode  355 score:  13.0 average score 15.0 best score 15.18 epsilon 0.10 steps  792190
episode  356 score:  16.0 average score 15.0 best score 15.18 epsilon 0.10 steps  794240
episode  357 score:  13.0 average score 15.0 best score 15.18 epsilon 0.10 steps  796498
episode  358 score:  16.0 average score 14.9 best score 15.18 epsilon 0.10 steps  798786
episode  359 score:  12.0 average score 14.9 best score 15.18 epsilon 0.10 steps  801490
episode  360 score:  18.0 average score 14.9 best score 15.18 epsilon 0.10 steps  803474
episode  361 score:  11.0 average score 14.8 best score 15.18 epsilon 0.10 steps  806555
episode  362 score:  16.0 average score 14.9 best score 15.18 epsilon 0.10 steps  808615
episode  363 score:  9.0 average score 14.8 best score 15.18 epsilon 0.10 steps  811401
episode  364 score:  19.0 average score 14.9 best score 15.18 epsilon 0.10 steps  813266
episode  365 score:  16.0 average score 14.9 best score 15.18 epsilon 0.10 steps  815408
episode  366 score:  13.0 average score 14.9 best score 15.18 epsilon 0.10 steps  817805
episode  367 score:  13.0 average score 14.8 best score 15.18 epsilon 0.10 steps  820182
episode  368 score:  16.0 average score 14.8 best score 15.18 epsilon 0.10 steps  822398
episode  369 score:  18.0 average score 14.9 best score 15.18 epsilon 0.10 steps  824504
episode  370 score:  17.0 average score 14.9 best score 15.18 epsilon 0.10 steps  826497
episode  371 score:  17.0 average score 14.9 best score 15.18 epsilon 0.10 steps  828639
episode  372 score:  16.0 average score 14.9 best score 15.18 epsilon 0.10 steps  830719
episode  373 score:  16.0 average score 14.9 best score 15.18 epsilon 0.10 steps  833068
episode  374 score:  16.0 average score 14.9 best score 15.18 epsilon 0.10 steps  835117
episode  375 score:  13.0 average score 14.9 best score 15.18 epsilon 0.10 steps  837512
episode  376 score:  20.0 average score 14.9 best score 15.18 epsilon 0.10 steps  839236
episode  377 score:  12.0 average score 14.9 best score 15.18 epsilon 0.10 steps  841502
episode  378 score:  17.0 average score 14.9 best score 15.18 epsilon 0.10 steps  843588
episode  379 score:  16.0 average score 14.8 best score 15.18 epsilon 0.10 steps  845688
episode  380 score:  17.0 average score 14.8 best score 15.18 epsilon 0.10 steps  847857
episode  381 score:  18.0 average score 14.9 best score 15.18 epsilon 0.10 steps  849674
episode  382 score:  10.0 average score 14.9 best score 15.18 epsilon 0.10 steps  852531
episode  383 score:  19.0 average score 15.0 best score 15.18 epsilon 0.10 steps  854540
episode  384 score:  17.0 average score 15.0 best score 15.18 epsilon 0.10 steps  856421
episode  385 score:  18.0 average score 15.0 best score 15.18 epsilon 0.10 steps  858478
episode  386 score:  16.0 average score 15.0 best score 15.18 epsilon 0.10 steps  860470
episode  387 score:  15.0 average score 15.0 best score 15.18 epsilon 0.10 steps  862497
episode  388 score:  15.0 average score 15.0 best score 15.18 epsilon 0.10 steps  864745
episode  389 score:  20.0 average score 15.0 best score 15.18 epsilon 0.10 steps  866637
episode  390 score:  19.0 average score 15.1 best score 15.18 epsilon 0.10 steps  868618
episode  391 score:  18.0 average score 15.1 best score 15.18 epsilon 0.10 steps  870540
episode  392 score:  19.0 average score 15.2 best score 15.18 epsilon 0.10 steps  872586
episode  393 score:  10.0 average score 15.1 best score 15.18 epsilon 0.10 steps  874836
episode  394 score:  16.0 average score 15.1 best score 15.18 epsilon 0.10 steps  876832
episode  395 score:  17.0 average score 15.2 best score 15.18 epsilon 0.10 steps  878749
episode  396 score:  16.0 average score 15.2 best score 15.18 epsilon 0.10 steps  880724
... saving checkpoint ...
... saving checkpoint ...
episode  397 score:  18.0 average score 15.2 best score 15.21 epsilon 0.10 steps  882576
episode  398 score:  14.0 average score 15.2 best score 15.21 epsilon 0.10 steps  884773
... saving checkpoint ...
... saving checkpoint ...
episode  399 score:  14.0 average score 15.2 best score 15.25 epsilon 0.10 steps  886997
episode  400 score:  10.0 average score 15.2 best score 15.25 epsilon 0.10 steps  889493
episode  401 score:  19.0 average score 15.3 best score 15.25 epsilon 0.10 steps  891440
... saving checkpoint ...
... saving checkpoint ...
episode  402 score:  20.0 average score 15.3 best score 15.27 epsilon 0.10 steps  893343
... saving checkpoint ...
... saving checkpoint ...
episode  403 score:  15.0 average score 15.3 best score 15.33 epsilon 0.10 steps  895477
... saving checkpoint ...
... saving checkpoint ...
episode  404 score:  12.0 average score 15.3 best score 15.35 epsilon 0.10 steps  897864
episode  405 score:  19.0 average score 15.4 best score 15.35 epsilon 0.10 steps  899651
... saving checkpoint ...
... saving checkpoint ...
episode  406 score:  12.0 average score 15.4 best score 15.41 epsilon 0.10 steps  902042
episode  407 score:  19.0 average score 15.4 best score 15.41 epsilon 0.10 steps  903888
episode  408 score:  13.0 average score 15.4 best score 15.41 epsilon 0.10 steps  906246
episode  409 score:  14.0 average score 15.4 best score 15.41 epsilon 0.10 steps  908576
episode  410 score:  9.0 average score 15.3 best score 15.41 epsilon 0.10 steps  911354
episode  411 score:  13.0 average score 15.2 best score 15.41 epsilon 0.10 steps  913983
episode  412 score:  17.0 average score 15.2 best score 15.41 epsilon 0.10 steps  915937
episode  413 score:  7.0 average score 15.2 best score 15.41 epsilon 0.10 steps  918866
episode  414 score:  19.0 average score 15.2 best score 15.41 epsilon 0.10 steps  920794
episode  415 score:  16.0 average score 15.2 best score 15.41 epsilon 0.10 steps  922700
episode  416 score:  17.0 average score 15.2 best score 15.41 epsilon 0.10 steps  924700
episode  417 score:  14.0 average score 15.2 best score 15.41 epsilon 0.10 steps  926924
episode  418 score:  15.0 average score 15.2 best score 15.41 epsilon 0.10 steps  929110
episode  419 score:  18.0 average score 15.2 best score 15.41 epsilon 0.10 steps  931166
episode  420 score:  15.0 average score 15.3 best score 15.41 epsilon 0.10 steps  933241
episode  421 score:  18.0 average score 15.3 best score 15.41 epsilon 0.10 steps  935131
episode  422 score:  14.0 average score 15.3 best score 15.41 epsilon 0.10 steps  937802
episode  423 score:  12.0 average score 15.3 best score 15.41 epsilon 0.10 steps  940189
episode  424 score:  13.0 average score 15.3 best score 15.41 epsilon 0.10 steps  942465
episode  425 score:  16.0 average score 15.4 best score 15.41 epsilon 0.10 steps  944439
episode  426 score:  19.0 average score 15.4 best score 15.41 epsilon 0.10 steps  946340
... saving checkpoint ...
... saving checkpoint ...
episode  427 score:  12.0 average score 15.4 best score 15.43 epsilon 0.10 steps  948713
episode  428 score:  14.0 average score 15.3 best score 15.43 epsilon 0.10 steps  951097
episode  429 score:  14.0 average score 15.3 best score 15.43 epsilon 0.10 steps  953546
episode  430 score:  9.0 average score 15.2 best score 15.43 epsilon 0.10 steps  956268
episode  431 score:  19.0 average score 15.3 best score 15.43 epsilon 0.10 steps  958059
episode  432 score:  16.0 average score 15.2 best score 15.43 epsilon 0.10 steps  960296
episode  433 score:  16.0 average score 15.2 best score 15.43 epsilon 0.10 steps  962597
episode  434 score:  13.0 average score 15.2 best score 15.43 epsilon 0.10 steps  965102
episode  435 score:  19.0 average score 15.2 best score 15.43 epsilon 0.10 steps  967133
episode  436 score:  14.0 average score 15.2 best score 15.43 epsilon 0.10 steps  969447
episode  437 score:  17.0 average score 15.3 best score 15.43 epsilon 0.10 steps  971594
episode  438 score:  16.0 average score 15.3 best score 15.43 epsilon 0.10 steps  973914
episode  439 score:  9.0 average score 15.3 best score 15.43 epsilon 0.10 steps  976498
episode  440 score:  9.0 average score 15.2 best score 15.43 epsilon 0.10 steps  979266
episode  441 score:  12.0 average score 15.1 best score 15.43 epsilon 0.10 steps  981631
episode  442 score:  7.0 average score 15.0 best score 15.43 epsilon 0.10 steps  984468
episode  443 score:  14.0 average score 15.0 best score 15.43 epsilon 0.10 steps  986699
episode  444 score:  14.0 average score 15.0 best score 15.43 epsilon 0.10 steps  988718
episode  445 score:  16.0 average score 15.0 best score 15.43 epsilon 0.10 steps  990868
episode  446 score:  18.0 average score 15.1 best score 15.43 epsilon 0.10 steps  992789
episode  447 score:  17.0 average score 15.1 best score 15.43 epsilon 0.10 steps  994844
episode  448 score:  17.0 average score 15.1 best score 15.43 epsilon 0.10 steps  996771
episode  449 score:  17.0 average score 15.1 best score 15.43 epsilon 0.10 steps  998883
episode  450 score:  18.0 average score 15.2 best score 15.43 epsilon 0.10 steps  1000860
episode  451 score:  18.0 average score 15.2 best score 15.43 epsilon 0.10 steps  1003085
episode  452 score:  18.0 average score 15.2 best score 15.43 epsilon 0.10 steps  1005213
episode  453 score:  14.0 average score 15.2 best score 15.43 epsilon 0.10 steps  1007480
episode  454 score:  17.0 average score 15.2 best score 15.43 epsilon 0.10 steps  1009530
episode  455 score:  11.0 average score 15.2 best score 15.43 epsilon 0.10 steps  1011943
episode  456 score:  13.0 average score 15.2 best score 15.43 epsilon 0.10 steps  1014465
episode  457 score:  20.0 average score 15.3 best score 15.43 epsilon 0.10 steps  1016292
episode  458 score:  13.0 average score 15.2 best score 15.43 epsilon 0.10 steps  1018612
episode  459 score:  15.0 average score 15.3 best score 15.43 epsilon 0.10 steps  1020711
episode  460 score:  18.0 average score 15.3 best score 15.43 epsilon 0.10 steps  1022659
episode  461 score:  16.0 average score 15.3 best score 15.43 epsilon 0.10 steps  1024778
episode  462 score:  13.0 average score 15.3 best score 15.43 epsilon 0.10 steps  1026920
episode  463 score:  13.0 average score 15.3 best score 15.43 epsilon 0.10 steps  1029116
episode  464 score:  17.0 average score 15.3 best score 15.43 epsilon 0.10 steps  1031040
episode  465 score:  16.0 average score 15.3 best score 15.43 epsilon 0.10 steps  1033302
episode  466 score:  18.0 average score 15.3 best score 15.43 epsilon 0.10 steps  1035326
episode  467 score:  16.0 average score 15.4 best score 15.43 epsilon 0.10 steps  1037400
episode  468 score:  17.0 average score 15.4 best score 15.43 epsilon 0.10 steps  1039619
episode  469 score:  16.0 average score 15.4 best score 15.43 epsilon 0.10 steps  1041916
episode  470 score:  18.0 average score 15.4 best score 15.43 epsilon 0.10 steps  1043951
episode  471 score:  14.0 average score 15.3 best score 15.43 epsilon 0.10 steps  1046163
episode  472 score:  15.0 average score 15.3 best score 15.43 epsilon 0.10 steps  1048228
episode  473 score:  18.0 average score 15.4 best score 15.43 epsilon 0.10 steps  1050339
episode  474 score:  13.0 average score 15.3 best score 15.43 epsilon 0.10 steps  1052461
episode  475 score:  19.0 average score 15.4 best score 15.43 epsilon 0.10 steps  1054478
episode  476 score:  16.0 average score 15.3 best score 15.43 epsilon 0.10 steps  1056663
episode  477 score:  15.0 average score 15.4 best score 15.43 epsilon 0.10 steps  1058723
episode  478 score:  14.0 average score 15.3 best score 15.43 epsilon 0.10 steps  1060861
episode  479 score:  17.0 average score 15.4 best score 15.43 epsilon 0.10 steps  1063114
episode  480 score:  18.0 average score 15.4 best score 15.43 epsilon 0.10 steps  1065115
episode  481 score:  14.0 average score 15.3 best score 15.43 epsilon 0.10 steps  1067435
episode  482 score:  18.0 average score 15.4 best score 15.43 epsilon 0.10 steps  1069600
episode  483 score:  16.0 average score 15.4 best score 15.43 epsilon 0.10 steps  1071800
episode  484 score:  13.0 average score 15.3 best score 15.43 epsilon 0.10 steps  1074485
episode  485 score:  14.0 average score 15.3 best score 15.43 epsilon 0.10 steps  1076607
episode  486 score:  15.0 average score 15.3 best score 15.43 epsilon 0.10 steps  1078645
episode  487 score:  16.0 average score 15.3 best score 15.43 epsilon 0.10 steps  1080715
episode  488 score:  18.0 average score 15.3 best score 15.43 epsilon 0.10 steps  1082598
episode  489 score:  17.0 average score 15.3 best score 15.43 epsilon 0.10 steps  1084806
episode  490 score:  18.0 average score 15.3 best score 15.43 epsilon 0.10 steps  1086786
episode  491 score:  19.0 average score 15.3 best score 15.43 epsilon 0.10 steps  1088808
episode  492 score:  18.0 average score 15.3 best score 15.43 epsilon 0.10 steps  1090721
episode  493 score:  18.0 average score 15.4 best score 15.43 epsilon 0.10 steps  1093017
episode  494 score:  18.0 average score 15.4 best score 15.43 epsilon 0.10 steps  1094917
episode  495 score:  13.0 average score 15.3 best score 15.43 epsilon 0.10 steps  1097371
episode  496 score:  16.0 average score 15.3 best score 15.43 epsilon 0.10 steps  1099762
episode  497 score:  15.0 average score 15.3 best score 15.43 epsilon 0.10 steps  1102036
episode  498 score:  16.0 average score 15.3 best score 15.43 epsilon 0.10 steps  1104320
episode  499 score:  15.0 average score 15.3 best score 15.43 epsilon 0.10 steps  1106311