episode  0 score:  -21.0 average score -21.00 best score -inf epsilon 0.99 steps  885
... saving checkpoint ...
... saving checkpoint ...
episode  1 score:  -21.0 average score -21.00 best score -21.00 epsilon 0.98 steps  1728
episode  2 score:  -21.0 average score -21.00 best score -21.00 epsilon 0.97 steps  2600
episode  3 score:  -20.0 average score -20.75 best score -21.00 epsilon 0.97 steps  3478
... saving checkpoint ...
... saving checkpoint ...
episode  4 score:  -19.0 average score -20.40 best score -20.75 epsilon 0.96 steps  4418
... saving checkpoint ...
... saving checkpoint ...
episode  5 score:  -21.0 average score -20.50 best score -20.40 epsilon 0.95 steps  5273
episode  6 score:  -21.0 average score -20.57 best score -20.40 epsilon 0.94 steps  6185
episode  7 score:  -20.0 average score -20.50 best score -20.40 epsilon 0.93 steps  7023
episode  8 score:  -21.0 average score -20.56 best score -20.40 epsilon 0.92 steps  7871
episode  9 score:  -18.0 average score -20.30 best score -20.40 epsilon 0.91 steps  9063
... saving checkpoint ...
... saving checkpoint ...
episode  10 score:  -21.0 average score -20.36 best score -20.30 epsilon 0.90 steps  9855
episode  11 score:  -21.0 average score -20.42 best score -20.30 epsilon 0.89 steps  10741
episode  12 score:  -21.0 average score -20.46 best score -20.30 epsilon 0.88 steps  11593
episode  13 score:  -20.0 average score -20.43 best score -20.30 epsilon 0.87 steps  12603
episode  14 score:  -19.0 average score -20.33 best score -20.30 epsilon 0.86 steps  13661
episode  15 score:  -19.0 average score -20.25 best score -20.30 epsilon 0.85 steps  14739
... saving checkpoint ...
... saving checkpoint ...
episode  16 score:  -21.0 average score -20.29 best score -20.25 epsilon 0.84 steps  15703
episode  17 score:  -20.0 average score -20.28 best score -20.25 epsilon 0.83 steps  16799
episode  18 score:  -19.0 average score -20.21 best score -20.25 epsilon 0.82 steps  17913
... saving checkpoint ...
... saving checkpoint ...
episode  19 score:  -20.0 average score -20.20 best score -20.21 epsilon 0.81 steps  18840
... saving checkpoint ...
... saving checkpoint ...
episode  20 score:  -21.0 average score -20.24 best score -20.20 epsilon 0.80 steps  19660
episode  21 score:  -19.0 average score -20.18 best score -20.20 epsilon 0.79 steps  20654
... saving checkpoint ...
... saving checkpoint ...
episode  22 score:  -21.0 average score -20.22 best score -20.18 epsilon 0.78 steps  21727
episode  23 score:  -20.0 average score -20.21 best score -20.18 epsilon 0.77 steps  22616
episode  24 score:  -21.0 average score -20.24 best score -20.18 epsilon 0.76 steps  23637
episode  25 score:  -21.0 average score -20.27 best score -20.18 epsilon 0.75 steps  24625
episode  26 score:  -21.0 average score -20.30 best score -20.18 epsilon 0.75 steps  25510
episode  27 score:  -20.0 average score -20.29 best score -20.18 epsilon 0.74 steps  26375
episode  28 score:  -20.0 average score -20.28 best score -20.18 epsilon 0.72 steps  27721
episode  29 score:  -19.0 average score -20.23 best score -20.18 epsilon 0.71 steps  28738
episode  30 score:  -18.0 average score -20.16 best score -20.18 epsilon 0.70 steps  29885
... saving checkpoint ...
... saving checkpoint ...
episode  31 score:  -16.0 average score -20.03 best score -20.16 epsilon 0.69 steps  31175
... saving checkpoint ...
... saving checkpoint ...
episode  32 score:  -18.0 average score -19.97 best score -20.03 epsilon 0.68 steps  32430
... saving checkpoint ...
... saving checkpoint ...
episode  33 score:  -18.0 average score -19.91 best score -19.97 epsilon 0.66 steps  33860
... saving checkpoint ...
... saving checkpoint ...
episode  34 score:  -20.0 average score -19.91 best score -19.91 epsilon 0.65 steps  34809
episode  35 score:  -19.0 average score -19.89 best score -19.91 epsilon 0.64 steps  35964
... saving checkpoint ...
... saving checkpoint ...
episode  36 score:  -20.0 average score -19.89 best score -19.89 epsilon 0.63 steps  36965
episode  37 score:  -19.0 average score -19.87 best score -19.89 epsilon 0.62 steps  38131
... saving checkpoint ...
... saving checkpoint ...
episode  38 score:  -18.0 average score -19.82 best score -19.87 epsilon 0.61 steps  39472
... saving checkpoint ...
... saving checkpoint ...
episode  39 score:  -14.0 average score -19.68 best score -19.82 epsilon 0.59 steps  41213
... saving checkpoint ...
... saving checkpoint ...
episode  40 score:  -18.0 average score -19.63 best score -19.68 epsilon 0.57 steps  42541
... saving checkpoint ...
... saving checkpoint ...
episode  41 score:  -20.0 average score -19.64 best score -19.63 epsilon 0.56 steps  43851
episode  42 score:  -17.0 average score -19.58 best score -19.63 epsilon 0.55 steps  45392
... saving checkpoint ...
... saving checkpoint ...
episode  43 score:  -18.0 average score -19.55 best score -19.58 epsilon 0.53 steps  46848
... saving checkpoint ...
... saving checkpoint ...
episode  44 score:  -18.0 average score -19.51 best score -19.55 epsilon 0.52 steps  48310
... saving checkpoint ...
... saving checkpoint ...
episode  45 score:  -13.0 average score -19.37 best score -19.51 epsilon 0.50 steps  50064
... saving checkpoint ...
... saving checkpoint ...
episode  46 score:  -17.0 average score -19.32 best score -19.37 epsilon 0.49 steps  51517
... saving checkpoint ...
... saving checkpoint ...
episode  47 score:  -18.0 average score -19.29 best score -19.32 epsilon 0.47 steps  53115
... saving checkpoint ...
... saving checkpoint ...
episode  48 score:  -14.0 average score -19.18 best score -19.29 epsilon 0.45 steps  55304
... saving checkpoint ...
... saving checkpoint ...
episode  49 score:  -18.0 average score -19.16 best score -19.18 epsilon 0.43 steps  56581
... saving checkpoint ...
... saving checkpoint ...
episode  50 score:  -16.0 average score -19.10 best score -19.16 epsilon 0.41 steps  58544
... saving checkpoint ...
... saving checkpoint ...
episode  51 score:  -17.0 average score -19.06 best score -19.10 epsilon 0.40 steps  60198
... saving checkpoint ...
... saving checkpoint ...
episode  52 score:  -16.0 average score -19.00 best score -19.06 epsilon 0.38 steps  62268
... saving checkpoint ...
... saving checkpoint ...
episode  53 score:  -19.0 average score -19.00 best score -19.00 epsilon 0.36 steps  63850
episode  54 score:  -17.0 average score -18.96 best score -19.00 epsilon 0.35 steps  65397
... saving checkpoint ...
... saving checkpoint ...
episode  55 score:  -17.0 average score -18.93 best score -18.96 epsilon 0.33 steps  67090
... saving checkpoint ...
... saving checkpoint ...
episode  56 score:  -17.0 average score -18.89 best score -18.93 epsilon 0.31 steps  68963
... saving checkpoint ...
... saving checkpoint ...
episode  57 score:  -20.0 average score -18.91 best score -18.89 epsilon 0.29 steps  70597
episode  58 score:  -17.0 average score -18.88 best score -18.89 epsilon 0.28 steps  72237
... saving checkpoint ...
... saving checkpoint ...
episode  59 score:  -14.0 average score -18.80 best score -18.88 epsilon 0.25 steps  74555
... saving checkpoint ...
... saving checkpoint ...
episode  60 score:  -12.0 average score -18.69 best score -18.80 epsilon 0.23 steps  76932
... saving checkpoint ...
... saving checkpoint ...
episode  61 score:  -14.0 average score -18.61 best score -18.69 epsilon 0.21 steps  78927
... saving checkpoint ...
... saving checkpoint ...
episode  62 score:  -16.0 average score -18.57 best score -18.61 epsilon 0.19 steps  80842
... saving checkpoint ...
... saving checkpoint ...
episode  63 score:  -19.0 average score -18.58 best score -18.57 epsilon 0.17 steps  82598
episode  64 score:  -10.0 average score -18.45 best score -18.57 epsilon 0.14 steps  85629
... saving checkpoint ...
... saving checkpoint ...
episode  65 score:  -16.0 average score -18.41 best score -18.45 epsilon 0.12 steps  88051
... saving checkpoint ...
... saving checkpoint ...
episode  66 score:  -9.0 average score -18.27 best score -18.41 epsilon 0.10 steps  90948
... saving checkpoint ...
... saving checkpoint ...
episode  67 score:  -12.0 average score -18.18 best score -18.27 epsilon 0.10 steps  93838
... saving checkpoint ...
... saving checkpoint ...
episode  68 score:  -15.0 average score -18.13 best score -18.18 epsilon 0.10 steps  96404
... saving checkpoint ...
... saving checkpoint ...
episode  69 score:  -14.0 average score -18.07 best score -18.13 epsilon 0.10 steps  98676
... saving checkpoint ...
... saving checkpoint ...
episode  70 score:  -10.0 average score -17.96 best score -18.07 epsilon 0.10 steps  101437
... saving checkpoint ...
... saving checkpoint ...
episode  71 score:  -5.0 average score -17.78 best score -17.96 epsilon 0.10 steps  104557
... saving checkpoint ...
... saving checkpoint ...
episode  72 score:  -13.0 average score -17.71 best score -17.78 epsilon 0.10 steps  107326
... saving checkpoint ...
... saving checkpoint ...
episode  73 score:  -11.0 average score -17.62 best score -17.71 epsilon 0.10 steps  110284
... saving checkpoint ...
... saving checkpoint ...
episode  74 score:  -11.0 average score -17.53 best score -17.62 epsilon 0.10 steps  112574
... saving checkpoint ...
... saving checkpoint ...
episode  75 score:  -10.0 average score -17.43 best score -17.53 epsilon 0.10 steps  115054
... saving checkpoint ...
... saving checkpoint ...
episode  76 score:  -9.0 average score -17.32 best score -17.43 epsilon 0.10 steps  117747
... saving checkpoint ...
... saving checkpoint ...
episode  77 score:  -11.0 average score -17.24 best score -17.32 epsilon 0.10 steps  120480
... saving checkpoint ...
... saving checkpoint ...
episode  78 score:  -5.0 average score -17.09 best score -17.24 epsilon 0.10 steps  123853
... saving checkpoint ...
... saving checkpoint ...
episode  79 score:  -8.0 average score -16.98 best score -17.09 epsilon 0.10 steps  126939
... saving checkpoint ...
... saving checkpoint ...
episode  80 score:  -6.0 average score -16.84 best score -16.98 epsilon 0.10 steps  130472
... saving checkpoint ...
... saving checkpoint ...
episode  81 score:  -6.0 average score -16.71 best score -16.84 epsilon 0.10 steps  133824
... saving checkpoint ...
... saving checkpoint ...
episode  82 score:  -12.0 average score -16.65 best score -16.71 epsilon 0.10 steps  136899
... saving checkpoint ...
... saving checkpoint ...
episode  83 score:  -10.0 average score -16.57 best score -16.65 epsilon 0.10 steps  140386
... saving checkpoint ...
... saving checkpoint ...
episode  84 score:  -5.0 average score -16.44 best score -16.57 epsilon 0.10 steps  144508
... saving checkpoint ...
... saving checkpoint ...
episode  85 score:  -6.0 average score -16.31 best score -16.44 epsilon 0.10 steps  147682
... saving checkpoint ...
... saving checkpoint ...
episode  86 score:  -6.0 average score -16.20 best score -16.31 epsilon 0.10 steps  151063
... saving checkpoint ...
... saving checkpoint ...
episode  87 score:  1.0 average score -16.00 best score -16.20 epsilon 0.10 steps  154810
... saving checkpoint ...
... saving checkpoint ...
episode  88 score:  -3.0 average score -15.85 best score -16.00 epsilon 0.10 steps  158398
... saving checkpoint ...
... saving checkpoint ...
episode  89 score:  8.0 average score -15.59 best score -15.85 epsilon 0.10 steps  161507
... saving checkpoint ...
... saving checkpoint ...
episode  90 score:  -12.0 average score -15.55 best score -15.59 epsilon 0.10 steps  164319
... saving checkpoint ...
... saving checkpoint ...
episode  91 score:  -3.0 average score -15.41 best score -15.55 epsilon 0.10 steps  168285
... saving checkpoint ...
... saving checkpoint ...
episode  92 score:  -5.0 average score -15.30 best score -15.41 epsilon 0.10 steps  171700
... saving checkpoint ...
... saving checkpoint ...
episode  93 score:  4.0 average score -15.10 best score -15.30 epsilon 0.10 steps  175580
... saving checkpoint ...
... saving checkpoint ...
episode  94 score:  -5.0 average score -14.99 best score -15.10 epsilon 0.10 steps  179373
... saving checkpoint ...
... saving checkpoint ...
episode  95 score:  -1.0 average score -14.84 best score -14.99 epsilon 0.10 steps  183440
... saving checkpoint ...
... saving checkpoint ...
episode  96 score:  4.0 average score -14.65 best score -14.84 epsilon 0.10 steps  187262
... saving checkpoint ...
... saving checkpoint ...
episode  97 score:  2.0 average score -14.48 best score -14.65 epsilon 0.10 steps  190759
... saving checkpoint ...
... saving checkpoint ...
episode  98 score:  2.0 average score -14.31 best score -14.48 epsilon 0.10 steps  194546
... saving checkpoint ...
... saving checkpoint ...
episode  99 score:  -1.0 average score -14.18 best score -14.31 epsilon 0.10 steps  198246
... saving checkpoint ...
... saving checkpoint ...
episode  100 score:  2.0 average score -13.95 best score -14.18 epsilon 0.10 steps  201903
... saving checkpoint ...
... saving checkpoint ...
episode  101 score:  -14.0 average score -13.88 best score -13.95 epsilon 0.10 steps  203987
... saving checkpoint ...
... saving checkpoint ...
episode  102 score:  3.0 average score -13.64 best score -13.88 epsilon 0.10 steps  207363
... saving checkpoint ...
... saving checkpoint ...
episode  103 score:  -1.0 average score -13.45 best score -13.64 epsilon 0.10 steps  210817
... saving checkpoint ...
... saving checkpoint ...
episode  104 score:  7.0 average score -13.19 best score -13.45 epsilon 0.10 steps  213808
... saving checkpoint ...
... saving checkpoint ...
episode  105 score:  9.0 average score -12.89 best score -13.19 epsilon 0.10 steps  216768
... saving checkpoint ...
... saving checkpoint ...
episode  106 score:  6.0 average score -12.62 best score -12.89 epsilon 0.10 steps  219713
... saving checkpoint ...
... saving checkpoint ...
episode  107 score:  4.0 average score -12.38 best score -12.62 epsilon 0.10 steps  222899
... saving checkpoint ...
... saving checkpoint ...
episode  108 score:  5.0 average score -12.12 best score -12.38 epsilon 0.10 steps  226072
... saving checkpoint ...
... saving checkpoint ...
episode  109 score:  5.0 average score -11.89 best score -12.12 epsilon 0.10 steps  229360
... saving checkpoint ...
... saving checkpoint ...
episode  110 score:  6.0 average score -11.62 best score -11.89 epsilon 0.10 steps  232853
... saving checkpoint ...
... saving checkpoint ...
episode  111 score:  5.0 average score -11.36 best score -11.62 epsilon 0.10 steps  235757
... saving checkpoint ...
... saving checkpoint ...
episode  112 score:  8.0 average score -11.07 best score -11.36 epsilon 0.10 steps  238587
... saving checkpoint ...
... saving checkpoint ...
episode  113 score:  14.0 average score -10.73 best score -11.07 epsilon 0.10 steps  240679
... saving checkpoint ...
... saving checkpoint ...
episode  114 score:  6.0 average score -10.48 best score -10.73 epsilon 0.10 steps  243928
... saving checkpoint ...
... saving checkpoint ...
episode  115 score:  5.0 average score -10.24 best score -10.48 epsilon 0.10 steps  247077
... saving checkpoint ...
... saving checkpoint ...
episode  116 score:  7.0 average score -9.96 best score -10.24 epsilon 0.10 steps  250065
... saving checkpoint ...
... saving checkpoint ...
episode  117 score:  15.0 average score -9.61 best score -9.96 epsilon 0.10 steps  252431
... saving checkpoint ...
... saving checkpoint ...
episode  118 score:  13.0 average score -9.29 best score -9.61 epsilon 0.10 steps  255026
... saving checkpoint ...
... saving checkpoint ...
episode  119 score:  15.0 average score -8.94 best score -9.29 epsilon 0.10 steps  257285
... saving checkpoint ...
... saving checkpoint ...
episode  120 score:  2.0 average score -8.71 best score -8.94 epsilon 0.10 steps  260518
... saving checkpoint ...
... saving checkpoint ...
episode  121 score:  17.0 average score -8.35 best score -8.71 epsilon 0.10 steps  262711
... saving checkpoint ...
... saving checkpoint ...
episode  122 score:  15.0 average score -7.99 best score -8.35 epsilon 0.10 steps  264753
... saving checkpoint ...
... saving checkpoint ...
episode  123 score:  12.0 average score -7.67 best score -7.99 epsilon 0.10 steps  267409
... saving checkpoint ...
... saving checkpoint ...
episode  124 score:  14.0 average score -7.32 best score -7.67 epsilon 0.10 steps  269930
... saving checkpoint ...
... saving checkpoint ...
episode  125 score:  17.0 average score -6.94 best score -7.32 epsilon 0.10 steps  271990
... saving checkpoint ...
... saving checkpoint ...
episode  126 score:  12.0 average score -6.61 best score -6.94 epsilon 0.10 steps  274292
... saving checkpoint ...
... saving checkpoint ...
episode  127 score:  13.0 average score -6.28 best score -6.61 epsilon 0.10 steps  276650
... saving checkpoint ...
... saving checkpoint ...
episode  128 score:  14.0 average score -5.94 best score -6.28 epsilon 0.10 steps  279087
... saving checkpoint ...
... saving checkpoint ...
episode  129 score:  14.0 average score -5.61 best score -5.94 epsilon 0.10 steps  281826
... saving checkpoint ...
... saving checkpoint ...
episode  130 score:  5.0 average score -5.38 best score -5.61 epsilon 0.10 steps  285230
... saving checkpoint ...
... saving checkpoint ...
episode  131 score:  7.0 average score -5.15 best score -5.38 epsilon 0.10 steps  288468
... saving checkpoint ...
... saving checkpoint ...
episode  132 score:  15.0 average score -4.82 best score -5.15 epsilon 0.10 steps  290605
... saving checkpoint ...
... saving checkpoint ...
episode  133 score:  12.0 average score -4.52 best score -4.82 epsilon 0.10 steps  293243
... saving checkpoint ...
... saving checkpoint ...
episode  134 score:  16.0 average score -4.16 best score -4.52 epsilon 0.10 steps  295717
... saving checkpoint ...
... saving checkpoint ...
episode  135 score:  10.0 average score -3.87 best score -4.16 epsilon 0.10 steps  298192
... saving checkpoint ...
... saving checkpoint ...
episode  136 score:  13.0 average score -3.54 best score -3.87 epsilon 0.10 steps  300923
... saving checkpoint ...
... saving checkpoint ...
episode  137 score:  16.0 average score -3.19 best score -3.54 epsilon 0.10 steps  302975
... saving checkpoint ...
... saving checkpoint ...
episode  138 score:  10.0 average score -2.91 best score -3.19 epsilon 0.10 steps  305540
... saving checkpoint ...
... saving checkpoint ...
episode  139 score:  13.0 average score -2.64 best score -2.91 epsilon 0.10 steps  308014
... saving checkpoint ...
... saving checkpoint ...
episode  140 score:  14.0 average score -2.32 best score -2.64 epsilon 0.10 steps  310430
... saving checkpoint ...
... saving checkpoint ...
episode  141 score:  14.0 average score -1.98 best score -2.32 epsilon 0.10 steps  313048
... saving checkpoint ...
... saving checkpoint ...
episode  142 score:  14.0 average score -1.67 best score -1.98 epsilon 0.10 steps  315595
... saving checkpoint ...
... saving checkpoint ...
episode  143 score:  10.0 average score -1.39 best score -1.67 epsilon 0.10 steps  318171
... saving checkpoint ...
... saving checkpoint ...
episode  144 score:  16.0 average score -1.05 best score -1.39 epsilon 0.10 steps  320645
... saving checkpoint ...
... saving checkpoint ...
episode  145 score:  18.0 average score -0.74 best score -1.05 epsilon 0.10 steps  322603
... saving checkpoint ...
... saving checkpoint ...
episode  146 score:  19.0 average score -0.38 best score -0.74 epsilon 0.10 steps  324479
... saving checkpoint ...
... saving checkpoint ...
episode  147 score:  14.0 average score -0.06 best score -0.38 epsilon 0.10 steps  326674
... saving checkpoint ...
... saving checkpoint ...
episode  148 score:  18.0 average score 0.26 best score -0.06 epsilon 0.10 steps  329067
... saving checkpoint ...
... saving checkpoint ...
episode  149 score:  11.0 average score 0.55 best score 0.26 epsilon 0.10 steps  331585
... saving checkpoint ...
... saving checkpoint ...
episode  150 score:  15.0 average score 0.86 best score 0.55 epsilon 0.10 steps  333936
... saving checkpoint ...
... saving checkpoint ...
episode  151 score:  17.0 average score 1.20 best score 0.86 epsilon 0.10 steps  336189
... saving checkpoint ...
... saving checkpoint ...
episode  152 score:  12.0 average score 1.48 best score 1.20 epsilon 0.10 steps  338555
... saving checkpoint ...
... saving checkpoint ...
episode  153 score:  12.0 average score 1.79 best score 1.48 epsilon 0.10 steps  340957
... saving checkpoint ...
... saving checkpoint ...
episode  154 score:  15.0 average score 2.11 best score 1.79 epsilon 0.10 steps  342995
... saving checkpoint ...
... saving checkpoint ...
episode  155 score:  13.0 average score 2.41 best score 2.11 epsilon 0.10 steps  345867
... saving checkpoint ...
... saving checkpoint ...
episode  156 score:  16.0 average score 2.74 best score 2.41 epsilon 0.10 steps  348088
... saving checkpoint ...
... saving checkpoint ...
episode  157 score:  14.0 average score 3.08 best score 2.74 epsilon 0.10 steps  350399
... saving checkpoint ...
... saving checkpoint ...
episode  158 score:  16.0 average score 3.41 best score 3.08 epsilon 0.10 steps  352660
... saving checkpoint ...
... saving checkpoint ...
episode  159 score:  16.0 average score 3.71 best score 3.41 epsilon 0.10 steps  354759
... saving checkpoint ...
... saving checkpoint ...
episode  160 score:  11.0 average score 3.94 best score 3.71 epsilon 0.10 steps  357674
... saving checkpoint ...
... saving checkpoint ...
episode  161 score:  18.0 average score 4.26 best score 3.94 epsilon 0.10 steps  359776
... saving checkpoint ...
... saving checkpoint ...
episode  162 score:  20.0 average score 4.62 best score 4.26 epsilon 0.10 steps  361521
... saving checkpoint ...
... saving checkpoint ...
episode  163 score:  10.0 average score 4.91 best score 4.62 epsilon 0.10 steps  364252
... saving checkpoint ...
... saving checkpoint ...
episode  164 score:  14.0 average score 5.15 best score 4.91 epsilon 0.10 steps  366529
... saving checkpoint ...
... saving checkpoint ...
episode  165 score:  15.0 average score 5.46 best score 5.15 epsilon 0.10 steps  369175
... saving checkpoint ...
... saving checkpoint ...
episode  166 score:  20.0 average score 5.75 best score 5.46 epsilon 0.10 steps  371032
... saving checkpoint ...
... saving checkpoint ...
episode  167 score:  18.0 average score 6.05 best score 5.75 epsilon 0.10 steps  373355
... saving checkpoint ...
... saving checkpoint ...
episode  168 score:  13.0 average score 6.33 best score 6.05 epsilon 0.10 steps  375691
... saving checkpoint ...
... saving checkpoint ...
episode  169 score:  14.0 average score 6.61 best score 6.33 epsilon 0.10 steps  377910
... saving checkpoint ...
... saving checkpoint ...
episode  170 score:  17.0 average score 6.88 best score 6.61 epsilon 0.10 steps  379909
... saving checkpoint ...
... saving checkpoint ...
episode  171 score:  16.0 average score 7.09 best score 6.88 epsilon 0.10 steps  382251
... saving checkpoint ...
... saving checkpoint ...
episode  172 score:  13.0 average score 7.35 best score 7.09 epsilon 0.10 steps  384774
... saving checkpoint ...
... saving checkpoint ...
episode  173 score:  17.0 average score 7.63 best score 7.35 epsilon 0.10 steps  386680
... saving checkpoint ...
... saving checkpoint ...
episode  174 score:  11.0 average score 7.85 best score 7.63 epsilon 0.10 steps  388920
... saving checkpoint ...
... saving checkpoint ...
episode  175 score:  11.0 average score 8.06 best score 7.85 epsilon 0.10 steps  391760
... saving checkpoint ...
... saving checkpoint ...
episode  176 score:  15.0 average score 8.30 best score 8.06 epsilon 0.10 steps  394109
... saving checkpoint ...
... saving checkpoint ...
episode  177 score:  10.0 average score 8.51 best score 8.30 epsilon 0.10 steps  396702
... saving checkpoint ...
... saving checkpoint ...
episode  178 score:  15.0 average score 8.71 best score 8.51 epsilon 0.10 steps  399032
... saving checkpoint ...
... saving checkpoint ...
episode  179 score:  18.0 average score 8.97 best score 8.71 epsilon 0.10 steps  400909
... saving checkpoint ...
... saving checkpoint ...
episode  180 score:  10.0 average score 9.13 best score 8.97 epsilon 0.10 steps  403490
... saving checkpoint ...
... saving checkpoint ...
episode  181 score:  15.0 average score 9.34 best score 9.13 epsilon 0.10 steps  405649
... saving checkpoint ...
... saving checkpoint ...
episode  182 score:  12.0 average score 9.58 best score 9.34 epsilon 0.10 steps  408062
... saving checkpoint ...
... saving checkpoint ...
episode  183 score:  13.0 average score 9.81 best score 9.58 epsilon 0.10 steps  410621
... saving checkpoint ...
... saving checkpoint ...
episode  184 score:  12.0 average score 9.98 best score 9.81 epsilon 0.10 steps  413040
... saving checkpoint ...
... saving checkpoint ...
episode  185 score:  17.0 average score 10.21 best score 9.98 epsilon 0.10 steps  415020
... saving checkpoint ...
... saving checkpoint ...
episode  186 score:  12.0 average score 10.39 best score 10.21 epsilon 0.10 steps  417625
... saving checkpoint ...
... saving checkpoint ...
episode  187 score:  15.0 average score 10.53 best score 10.39 epsilon 0.10 steps  420563
... saving checkpoint ...
... saving checkpoint ...
episode  188 score:  14.0 average score 10.70 best score 10.53 epsilon 0.10 steps  423044
... saving checkpoint ...
... saving checkpoint ...
episode  189 score:  12.0 average score 10.74 best score 10.70 epsilon 0.10 steps  425629
... saving checkpoint ...
... saving checkpoint ...
episode  190 score:  16.0 average score 11.02 best score 10.74 epsilon 0.10 steps  427833
... saving checkpoint ...
... saving checkpoint ...
episode  191 score:  17.0 average score 11.22 best score 11.02 epsilon 0.10 steps  429963
... saving checkpoint ...
... saving checkpoint ...
episode  192 score:  13.0 average score 11.40 best score 11.22 epsilon 0.10 steps  432381
... saving checkpoint ...
... saving checkpoint ...
episode  193 score:  17.0 average score 11.53 best score 11.40 epsilon 0.10 steps  434328
... saving checkpoint ...
... saving checkpoint ...
episode  194 score:  13.0 average score 11.71 best score 11.53 epsilon 0.10 steps  436592
... saving checkpoint ...
... saving checkpoint ...
episode  195 score:  15.0 average score 11.87 best score 11.71 epsilon 0.10 steps  438899
... saving checkpoint ...
... saving checkpoint ...
episode  196 score:  15.0 average score 11.98 best score 11.87 epsilon 0.10 steps  441119
... saving checkpoint ...
... saving checkpoint ...
episode  197 score:  14.0 average score 12.10 best score 11.98 epsilon 0.10 steps  443445
... saving checkpoint ...
... saving checkpoint ...
episode  198 score:  11.0 average score 12.19 best score 12.10 epsilon 0.10 steps  446084
... saving checkpoint ...
... saving checkpoint ...
episode  199 score:  16.0 average score 12.36 best score 12.19 epsilon 0.10 steps  448261
... saving checkpoint ...
... saving checkpoint ...
episode  200 score:  17.0 average score 12.51 best score 12.36 epsilon 0.10 steps  450273
... saving checkpoint ...
... saving checkpoint ...
episode  201 score:  14.0 average score 12.79 best score 12.51 epsilon 0.10 steps  452596
... saving checkpoint ...
... saving checkpoint ...
episode  202 score:  19.0 average score 12.95 best score 12.79 epsilon 0.10 steps  454447
... saving checkpoint ...
... saving checkpoint ...
episode  203 score:  16.0 average score 13.12 best score 12.95 epsilon 0.10 steps  456727
... saving checkpoint ...
... saving checkpoint ...
episode  204 score:  17.0 average score 13.22 best score 13.12 epsilon 0.10 steps  458668
... saving checkpoint ...
... saving checkpoint ...
episode  205 score:  12.0 average score 13.25 best score 13.22 epsilon 0.10 steps  461138
... saving checkpoint ...
... saving checkpoint ...
episode  206 score:  13.0 average score 13.32 best score 13.25 epsilon 0.10 steps  463468
... saving checkpoint ...
... saving checkpoint ...
episode  207 score:  17.0 average score 13.45 best score 13.32 epsilon 0.10 steps  465515
... saving checkpoint ...
... saving checkpoint ...
episode  208 score:  15.0 average score 13.55 best score 13.45 epsilon 0.10 steps  467964
... saving checkpoint ...
... saving checkpoint ...
episode  209 score:  13.0 average score 13.63 best score 13.55 epsilon 0.10 steps  470157
... saving checkpoint ...
... saving checkpoint ...
episode  210 score:  13.0 average score 13.70 best score 13.63 epsilon 0.10 steps  472437
... saving checkpoint ...
... saving checkpoint ...
episode  211 score:  15.0 average score 13.80 best score 13.70 epsilon 0.10 steps  474450
... saving checkpoint ...
... saving checkpoint ...
episode  212 score:  12.0 average score 13.84 best score 13.80 epsilon 0.10 steps  476852
... saving checkpoint ...
... saving checkpoint ...
episode  213 score:  16.0 average score 13.86 best score 13.84 epsilon 0.10 steps  478852
... saving checkpoint ...
... saving checkpoint ...
episode  214 score:  20.0 average score 14.00 best score 13.86 epsilon 0.10 steps  480689
... saving checkpoint ...
... saving checkpoint ...
episode  215 score:  16.0 average score 14.11 best score 14.00 epsilon 0.10 steps  482640
... saving checkpoint ...
... saving checkpoint ...
episode  216 score:  17.0 average score 14.21 best score 14.11 epsilon 0.10 steps  484458
... saving checkpoint ...
... saving checkpoint ...
episode  217 score:  18.0 average score 14.24 best score 14.21 epsilon 0.10 steps  486524
... saving checkpoint ...
... saving checkpoint ...
episode  218 score:  17.0 average score 14.28 best score 14.24 epsilon 0.10 steps  488641
... saving checkpoint ...
... saving checkpoint ...
episode  219 score:  12.0 average score 14.25 best score 14.28 epsilon 0.10 steps  491354
episode  220 score:  19.0 average score 14.42 best score 14.28 epsilon 0.10 steps  493278
... saving checkpoint ...
... saving checkpoint ...
episode  221 score:  17.0 average score 14.42 best score 14.42 epsilon 0.10 steps  495377
episode  222 score:  13.0 average score 14.40 best score 14.42 epsilon 0.10 steps  497578
episode  223 score:  15.0 average score 14.43 best score 14.42 epsilon 0.10 steps  499907
... saving checkpoint ...
... saving checkpoint ...
episode  224 score:  15.0 average score 14.44 best score 14.43 epsilon 0.10 steps  502153
... saving checkpoint ...
... saving checkpoint ...
episode  225 score:  14.0 average score 14.41 best score 14.44 epsilon 0.10 steps  504432
episode  226 score:  13.0 average score 14.42 best score 14.44 epsilon 0.10 steps  506802
episode  227 score:  12.0 average score 14.41 best score 14.44 epsilon 0.10 steps  509080
episode  228 score:  16.0 average score 14.43 best score 14.44 epsilon 0.10 steps  511147
episode  229 score:  18.0 average score 14.47 best score 14.44 epsilon 0.10 steps  513087
... saving checkpoint ...
... saving checkpoint ...
episode  230 score:  15.0 average score 14.57 best score 14.47 epsilon 0.10 steps  515476
... saving checkpoint ...
... saving checkpoint ...
episode  231 score:  21.0 average score 14.71 best score 14.57 epsilon 0.10 steps  517204
... saving checkpoint ...
... saving checkpoint ...
episode  232 score:  17.0 average score 14.73 best score 14.71 epsilon 0.10 steps  519371
... saving checkpoint ...
... saving checkpoint ...
episode  233 score:  16.0 average score 14.77 best score 14.73 epsilon 0.10 steps  521436
... saving checkpoint ...
... saving checkpoint ...
episode  234 score:  15.0 average score 14.76 best score 14.77 epsilon 0.10 steps  523527
episode  235 score:  14.0 average score 14.80 best score 14.77 epsilon 0.10 steps  525841
... saving checkpoint ...
... saving checkpoint ...
episode  236 score:  14.0 average score 14.81 best score 14.80 epsilon 0.10 steps  527932
... saving checkpoint ...
... saving checkpoint ...
episode  237 score:  19.0 average score 14.84 best score 14.81 epsilon 0.10 steps  529877
... saving checkpoint ...
... saving checkpoint ...
episode  238 score:  7.0 average score 14.81 best score 14.84 epsilon 0.10 steps  532602
episode  239 score:  20.0 average score 14.88 best score 14.84 epsilon 0.10 steps  534478
... saving checkpoint ...
... saving checkpoint ...
episode  240 score:  12.0 average score 14.86 best score 14.88 epsilon 0.10 steps  536923
episode  241 score:  17.0 average score 14.89 best score 14.88 epsilon 0.10 steps  538894
... saving checkpoint ...
... saving checkpoint ...
episode  242 score:  17.0 average score 14.92 best score 14.89 epsilon 0.10 steps  540763
... saving checkpoint ...
... saving checkpoint ...
episode  243 score:  12.0 average score 14.94 best score 14.92 epsilon 0.10 steps  543009
... saving checkpoint ...
... saving checkpoint ...
episode  244 score:  13.0 average score 14.91 best score 14.94 epsilon 0.10 steps  545431
episode  245 score:  17.0 average score 14.90 best score 14.94 epsilon 0.10 steps  547403
episode  246 score:  7.0 average score 14.78 best score 14.94 epsilon 0.10 steps  550452
episode  247 score:  -1.0 average score 14.63 best score 14.94 epsilon 0.10 steps  554120
episode  248 score:  14.0 average score 14.59 best score 14.94 epsilon 0.10 steps  556456
episode  249 score:  15.0 average score 14.63 best score 14.94 epsilon 0.10 steps  558680
episode  250 score:  16.0 average score 14.64 best score 14.94 epsilon 0.10 steps  560798
episode  251 score:  19.0 average score 14.66 best score 14.94 epsilon 0.10 steps  562721
episode  252 score:  17.0 average score 14.71 best score 14.94 epsilon 0.10 steps  564677
episode  253 score:  17.0 average score 14.76 best score 14.94 epsilon 0.10 steps  566567
episode  254 score:  16.0 average score 14.77 best score 14.94 epsilon 0.10 steps  568561
episode  255 score:  18.0 average score 14.82 best score 14.94 epsilon 0.10 steps  570588
episode  256 score:  8.0 average score 14.74 best score 14.94 epsilon 0.10 steps  573417
episode  257 score:  13.0 average score 14.73 best score 14.94 epsilon 0.10 steps  575733
episode  258 score:  14.0 average score 14.71 best score 14.94 epsilon 0.10 steps  577976
episode  259 score:  11.0 average score 14.66 best score 14.94 epsilon 0.10 steps  580566
episode  260 score:  13.0 average score 14.68 best score 14.94 epsilon 0.10 steps  583313
episode  261 score:  18.0 average score 14.68 best score 14.94 epsilon 0.10 steps  585266
episode  262 score:  17.0 average score 14.65 best score 14.94 epsilon 0.10 steps  587264
episode  263 score:  14.0 average score 14.69 best score 14.94 epsilon 0.10 steps  589442
episode  264 score:  16.0 average score 14.71 best score 14.94 epsilon 0.10 steps  591527
episode  265 score:  17.0 average score 14.73 best score 14.94 epsilon 0.10 steps  593470
episode  266 score:  16.0 average score 14.69 best score 14.94 epsilon 0.10 steps  595550
episode  267 score:  17.0 average score 14.68 best score 14.94 epsilon 0.10 steps  597613
episode  268 score:  14.0 average score 14.69 best score 14.94 epsilon 0.10 steps  599877
episode  269 score:  14.0 average score 14.69 best score 14.94 epsilon 0.10 steps  602192
episode  270 score:  13.0 average score 14.65 best score 14.94 epsilon 0.10 steps  604558
episode  271 score:  16.0 average score 14.65 best score 14.94 epsilon 0.10 steps  606975
episode  272 score:  18.0 average score 14.70 best score 14.94 epsilon 0.10 steps  608841
episode  273 score:  15.0 average score 14.68 best score 14.94 epsilon 0.10 steps  611023
episode  274 score:  15.0 average score 14.72 best score 14.94 epsilon 0.10 steps  613267
episode  275 score:  20.0 average score 14.81 best score 14.94 epsilon 0.10 steps  614968
episode  276 score:  16.0 average score 14.82 best score 14.94 epsilon 0.10 steps  617014
episode  277 score:  17.0 average score 14.89 best score 14.94 epsilon 0.10 steps  619252
episode  278 score:  14.0 average score 14.88 best score 14.94 epsilon 0.10 steps  621570
episode  279 score:  14.0 average score 14.84 best score 14.94 epsilon 0.10 steps  623950
episode  280 score:  17.0 average score 14.91 best score 14.94 epsilon 0.10 steps  626068
episode  281 score:  14.0 average score 14.90 best score 14.94 epsilon 0.10 steps  628268
episode  282 score:  20.0 average score 14.98 best score 14.94 epsilon 0.10 steps  630122
... saving checkpoint ...
... saving checkpoint ...
episode  283 score:  12.0 average score 14.97 best score 14.98 epsilon 0.10 steps  632396
episode  284 score:  17.0 average score 15.02 best score 14.98 epsilon 0.10 steps  634479
... saving checkpoint ...
... saving checkpoint ...
episode  285 score:  17.0 average score 15.02 best score 15.02 epsilon 0.10 steps  636495
episode  286 score:  18.0 average score 15.08 best score 15.02 epsilon 0.10 steps  638510
... saving checkpoint ...
... saving checkpoint ...
episode  287 score:  11.0 average score 15.04 best score 15.08 epsilon 0.10 steps  641231
episode  288 score:  14.0 average score 15.04 best score 15.08 epsilon 0.10 steps  643519
episode  289 score:  20.0 average score 15.12 best score 15.08 epsilon 0.10 steps  645293
... saving checkpoint ...
... saving checkpoint ...
episode  290 score:  17.0 average score 15.13 best score 15.12 epsilon 0.10 steps  647394
... saving checkpoint ...
... saving checkpoint ...
episode  291 score:  17.0 average score 15.13 best score 15.13 epsilon 0.10 steps  649593
episode  292 score:  11.0 average score 15.11 best score 15.13 epsilon 0.10 steps  652128
episode  293 score:  14.0 average score 15.08 best score 15.13 epsilon 0.10 steps  654215
episode  294 score:  20.0 average score 15.15 best score 15.13 epsilon 0.10 steps  656085
... saving checkpoint ...
... saving checkpoint ...
episode  295 score:  17.0 average score 15.17 best score 15.15 epsilon 0.10 steps  658018
... saving checkpoint ...
... saving checkpoint ...
episode  296 score:  19.0 average score 15.21 best score 15.17 epsilon 0.10 steps  659841
... saving checkpoint ...
... saving checkpoint ...
episode  297 score:  18.0 average score 15.25 best score 15.21 epsilon 0.10 steps  661605
... saving checkpoint ...
... saving checkpoint ...
episode  298 score:  18.0 average score 15.32 best score 15.25 epsilon 0.10 steps  663643
... saving checkpoint ...
... saving checkpoint ...
episode  299 score:  13.0 average score 15.29 best score 15.32 epsilon 0.10 steps  665735