episode  0 score:  -18.0 average score -18.0 best score -inf epsilon 0.99 steps  1087
... saving checkpoint ...
... saving checkpoint ...
episode  1 score:  -21.0 average score -19.5 best score -18.00 epsilon 0.98 steps  1913
episode  2 score:  -21.0 average score -20.0 best score -18.00 epsilon 0.97 steps  2827
episode  3 score:  -19.0 average score -19.8 best score -18.00 epsilon 0.96 steps  3947
episode  4 score:  -21.0 average score -20.0 best score -18.00 epsilon 0.95 steps  4711
episode  5 score:  -21.0 average score -20.2 best score -18.00 epsilon 0.94 steps  5535
episode  6 score:  -20.0 average score -20.1 best score -18.00 epsilon 0.94 steps  6454
episode  7 score:  -21.0 average score -20.2 best score -18.00 epsilon 0.93 steps  7398
episode  8 score:  -21.0 average score -20.3 best score -18.00 epsilon 0.92 steps  8284
episode  9 score:  -19.0 average score -20.2 best score -18.00 epsilon 0.91 steps  9448
episode  10 score:  -21.0 average score -20.3 best score -18.00 epsilon 0.90 steps  10300
episode  11 score:  -21.0 average score -20.3 best score -18.00 epsilon 0.89 steps  11143
episode  12 score:  -21.0 average score -20.4 best score -18.00 epsilon 0.88 steps  11937
episode  13 score:  -20.0 average score -20.4 best score -18.00 epsilon 0.87 steps  12869
episode  14 score:  -19.0 average score -20.3 best score -18.00 epsilon 0.86 steps  13928
episode  15 score:  -19.0 average score -20.2 best score -18.00 epsilon 0.85 steps  14952
episode  16 score:  -21.0 average score -20.2 best score -18.00 epsilon 0.84 steps  15776
episode  17 score:  -20.0 average score -20.2 best score -18.00 epsilon 0.83 steps  16707
episode  18 score:  -21.0 average score -20.3 best score -18.00 epsilon 0.82 steps  17621
episode  19 score:  -20.0 average score -20.2 best score -18.00 epsilon 0.81 steps  18585
episode  20 score:  -21.0 average score -20.3 best score -18.00 epsilon 0.81 steps  19439
episode  21 score:  -21.0 average score -20.3 best score -18.00 epsilon 0.80 steps  20269
episode  22 score:  -20.0 average score -20.3 best score -18.00 epsilon 0.79 steps  21278
episode  23 score:  -21.0 average score -20.3 best score -18.00 epsilon 0.78 steps  22375
episode  24 score:  -21.0 average score -20.4 best score -18.00 epsilon 0.77 steps  23336
episode  25 score:  -21.0 average score -20.4 best score -18.00 epsilon 0.76 steps  24220
episode  26 score:  -21.0 average score -20.4 best score -18.00 epsilon 0.75 steps  25014
episode  27 score:  -21.0 average score -20.4 best score -18.00 epsilon 0.74 steps  25958
episode  28 score:  -21.0 average score -20.4 best score -18.00 epsilon 0.73 steps  26838
episode  29 score:  -19.0 average score -20.4 best score -18.00 epsilon 0.72 steps  27950
episode  30 score:  -20.0 average score -20.4 best score -18.00 epsilon 0.71 steps  28990
episode  31 score:  -19.0 average score -20.3 best score -18.00 epsilon 0.70 steps  30110
episode  32 score:  -20.0 average score -20.3 best score -18.00 epsilon 0.69 steps  31239
episode  33 score:  -21.0 average score -20.4 best score -18.00 epsilon 0.67 steps  32554
episode  34 score:  -18.0 average score -20.3 best score -18.00 epsilon 0.66 steps  33827
episode  35 score:  -20.0 average score -20.3 best score -18.00 epsilon 0.65 steps  34883
episode  36 score:  -20.0 average score -20.3 best score -18.00 epsilon 0.64 steps  35930
episode  37 score:  -19.0 average score -20.2 best score -18.00 epsilon 0.63 steps  37300
episode  38 score:  -21.0 average score -20.3 best score -18.00 epsilon 0.61 steps  38638
episode  39 score:  -19.0 average score -20.2 best score -18.00 epsilon 0.60 steps  39811
episode  40 score:  -21.0 average score -20.2 best score -18.00 epsilon 0.59 steps  41137
episode  41 score:  -18.0 average score -20.2 best score -18.00 epsilon 0.58 steps  42416
episode  42 score:  -20.0 average score -20.2 best score -18.00 epsilon 0.56 steps  43863
episode  43 score:  -18.0 average score -20.1 best score -18.00 epsilon 0.55 steps  45142
episode  44 score:  -17.0 average score -20.1 best score -18.00 epsilon 0.53 steps  46810
episode  45 score:  -19.0 average score -20.0 best score -18.00 epsilon 0.52 steps  48216
episode  46 score:  -18.0 average score -20.0 best score -18.00 epsilon 0.51 steps  49452
episode  47 score:  -19.0 average score -20.0 best score -18.00 epsilon 0.49 steps  51320
episode  48 score:  -19.0 average score -20.0 best score -18.00 epsilon 0.47 steps  53308
episode  49 score:  -16.0 average score -19.9 best score -18.00 epsilon 0.45 steps  54859
episode  50 score:  -19.0 average score -19.9 best score -18.00 epsilon 0.44 steps  56383
episode  51 score:  -21.0 average score -19.9 best score -18.00 epsilon 0.42 steps  58063
episode  52 score:  -17.0 average score -19.8 best score -18.00 epsilon 0.40 steps  59641
episode  53 score:  -19.0 average score -19.8 best score -18.00 epsilon 0.39 steps  61205
episode  54 score:  -15.0 average score -19.7 best score -18.00 epsilon 0.37 steps  63255
episode  55 score:  -17.0 average score -19.7 best score -18.00 epsilon 0.35 steps  64970
episode  56 score:  -15.0 average score -19.6 best score -18.00 epsilon 0.33 steps  67142
episode  57 score:  -17.0 average score -19.6 best score -18.00 epsilon 0.31 steps  69108
episode  58 score:  -16.0 average score -19.5 best score -18.00 epsilon 0.29 steps  71347
episode  59 score:  -17.0 average score -19.4 best score -18.00 epsilon 0.26 steps  73675
episode  60 score:  -15.0 average score -19.4 best score -18.00 epsilon 0.25 steps  75411
episode  61 score:  -15.0 average score -19.3 best score -18.00 epsilon 0.23 steps  77396
episode  62 score:  -18.0 average score -19.3 best score -18.00 epsilon 0.20 steps  79542
episode  63 score:  -13.0 average score -19.2 best score -18.00 epsilon 0.18 steps  81750
episode  64 score:  -17.0 average score -19.2 best score -18.00 epsilon 0.16 steps  83535
episode  65 score:  -14.0 average score -19.1 best score -18.00 epsilon 0.15 steps  85507
episode  66 score:  -18.0 average score -19.1 best score -18.00 epsilon 0.13 steps  87388
episode  67 score:  -14.0 average score -19.0 best score -18.00 epsilon 0.10 steps  89802
episode  68 score:  -12.0 average score -18.9 best score -18.00 epsilon 0.10 steps  92098
episode  69 score:  -16.0 average score -18.8 best score -18.00 epsilon 0.10 steps  94219
episode  70 score:  -20.0 average score -18.9 best score -18.00 epsilon 0.10 steps  96902
episode  71 score:  -13.0 average score -18.8 best score -18.00 epsilon 0.10 steps  99617
episode  72 score:  -15.0 average score -18.7 best score -18.00 epsilon 0.10 steps  102154
episode  73 score:  -14.0 average score -18.7 best score -18.00 epsilon 0.10 steps  104728
episode  74 score:  -14.0 average score -18.6 best score -18.00 epsilon 0.10 steps  107224
episode  75 score:  -15.0 average score -18.6 best score -18.00 epsilon 0.10 steps  109651
episode  76 score:  -8.0 average score -18.4 best score -18.00 epsilon 0.10 steps  113467
episode  77 score:  -15.0 average score -18.4 best score -18.00 epsilon 0.10 steps  116640
episode  78 score:  -14.0 average score -18.3 best score -18.00 epsilon 0.10 steps  120216
episode  79 score:  -13.0 average score -18.2 best score -18.00 epsilon 0.10 steps  123562
episode  80 score:  -8.0 average score -18.1 best score -18.00 epsilon 0.10 steps  126918
episode  81 score:  -10.0 average score -18.0 best score -18.00 epsilon 0.10 steps  130226
episode  82 score:  -10.0 average score -17.9 best score -18.00 epsilon 0.10 steps  133675
... saving checkpoint ...
... saving checkpoint ...
episode  83 score:  -7.0 average score -17.8 best score -17.93 epsilon 0.10 steps  136540
... saving checkpoint ...
... saving checkpoint ...
episode  84 score:  -11.0 average score -17.7 best score -17.80 epsilon 0.10 steps  139112
... saving checkpoint ...
... saving checkpoint ...
episode  85 score:  -9.0 average score -17.6 best score -17.72 epsilon 0.10 steps  142342
... saving checkpoint ...
... saving checkpoint ...
episode  86 score:  -7.0 average score -17.5 best score -17.62 epsilon 0.10 steps  145573
... saving checkpoint ...
... saving checkpoint ...
episode  87 score:  -5.0 average score -17.4 best score -17.49 epsilon 0.10 steps  148606
... saving checkpoint ...
... saving checkpoint ...
episode  88 score:  -8.0 average score -17.2 best score -17.35 epsilon 0.10 steps  151300
... saving checkpoint ...
... saving checkpoint ...
episode  89 score:  -9.0 average score -17.2 best score -17.25 epsilon 0.10 steps  154206
... saving checkpoint ...
... saving checkpoint ...
episode  90 score:  -4.0 average score -17.0 best score -17.16 epsilon 0.10 steps  157507
... saving checkpoint ...
... saving checkpoint ...
episode  91 score:  -10.0 average score -16.9 best score -17.01 epsilon 0.10 steps  160217
... saving checkpoint ...
... saving checkpoint ...
episode  92 score:  -8.0 average score -16.8 best score -16.93 epsilon 0.10 steps  163009
... saving checkpoint ...
... saving checkpoint ...
episode  93 score:  4.0 average score -16.6 best score -16.84 epsilon 0.10 steps  165918
... saving checkpoint ...
... saving checkpoint ...
episode  94 score:  -2.0 average score -16.5 best score -16.62 epsilon 0.10 steps  168816
... saving checkpoint ...
... saving checkpoint ...
episode  95 score:  3.0 average score -16.3 best score -16.46 epsilon 0.10 steps  172171
... saving checkpoint ...
... saving checkpoint ...
episode  96 score:  2.0 average score -16.1 best score -16.26 epsilon 0.10 steps  175815
... saving checkpoint ...
... saving checkpoint ...
episode  97 score:  -6.0 average score -16.0 best score -16.07 epsilon 0.10 steps  178727
... saving checkpoint ...
... saving checkpoint ...
episode  98 score:  7.0 average score -15.7 best score -15.97 epsilon 0.10 steps  181670
... saving checkpoint ...
... saving checkpoint ...
episode  99 score:  4.0 average score -15.5 best score -15.74 epsilon 0.10 steps  184948
... saving checkpoint ...
... saving checkpoint ...
episode  100 score:  5.0 average score -15.3 best score -15.54 epsilon 0.10 steps  188111
... saving checkpoint ...
... saving checkpoint ...
episode  101 score:  -3.0 average score -15.1 best score -15.31 epsilon 0.10 steps  191921
... saving checkpoint ...
... saving checkpoint ...
episode  102 score:  8.0 average score -14.8 best score -15.13 epsilon 0.10 steps  194681
... saving checkpoint ...
... saving checkpoint ...
episode  103 score:  12.0 average score -14.5 best score -14.84 epsilon 0.10 steps  197090
... saving checkpoint ...
... saving checkpoint ...
episode  104 score:  14.0 average score -14.2 best score -14.53 epsilon 0.10 steps  199409
... saving checkpoint ...
... saving checkpoint ...
episode  105 score:  2.0 average score -13.9 best score -14.18 epsilon 0.10 steps  202616
... saving checkpoint ...
... saving checkpoint ...
episode  106 score:  14.0 average score -13.6 best score -13.95 epsilon 0.10 steps  204899
... saving checkpoint ...
... saving checkpoint ...
episode  107 score:  10.0 average score -13.3 best score -13.61 epsilon 0.10 steps  207238
... saving checkpoint ...
... saving checkpoint ...
episode  108 score:  10.0 average score -13.0 best score -13.30 epsilon 0.10 steps  209733
... saving checkpoint ...
... saving checkpoint ...
episode  109 score:  8.0 average score -12.7 best score -12.99 epsilon 0.10 steps  212432
... saving checkpoint ...
... saving checkpoint ...
episode  110 score:  9.0 average score -12.4 best score -12.72 epsilon 0.10 steps  214917
... saving checkpoint ...
... saving checkpoint ...
episode  111 score:  9.0 average score -12.1 best score -12.42 epsilon 0.10 steps  217495
... saving checkpoint ...
... saving checkpoint ...
episode  112 score:  8.0 average score -11.8 best score -12.12 epsilon 0.10 steps  220072
... saving checkpoint ...
... saving checkpoint ...
episode  113 score:  12.0 average score -11.5 best score -11.83 epsilon 0.10 steps  222455
... saving checkpoint ...
... saving checkpoint ...
episode  114 score:  14.0 average score -11.2 best score -11.51 epsilon 0.10 steps  224605
... saving checkpoint ...
... saving checkpoint ...
episode  115 score:  14.0 average score -10.8 best score -11.18 epsilon 0.10 steps  226884
... saving checkpoint ...
... saving checkpoint ...
episode  116 score:  16.0 average score -10.5 best score -10.85 epsilon 0.10 steps  228911
... saving checkpoint ...
... saving checkpoint ...
episode  117 score:  -5.0 average score -10.3 best score -10.48 epsilon 0.10 steps  232074
... saving checkpoint ...
... saving checkpoint ...
episode  118 score:  8.0 average score -10.0 best score -10.33 epsilon 0.10 steps  234711
... saving checkpoint ...
... saving checkpoint ...
episode  119 score:  12.0 average score -9.7 best score -10.04 epsilon 0.10 steps  237065
... saving checkpoint ...
... saving checkpoint ...
episode  120 score:  11.0 average score -9.4 best score -9.72 epsilon 0.10 steps  240030
... saving checkpoint ...
... saving checkpoint ...
episode  121 score:  14.0 average score -9.1 best score -9.40 epsilon 0.10 steps  242304
... saving checkpoint ...
... saving checkpoint ...
episode  122 score:  6.0 average score -8.8 best score -9.05 epsilon 0.10 steps  245209
... saving checkpoint ...
... saving checkpoint ...
episode  123 score:  16.0 average score -8.4 best score -8.79 epsilon 0.10 steps  247325
... saving checkpoint ...
... saving checkpoint ...
episode  124 score:  11.0 average score -8.1 best score -8.42 epsilon 0.10 steps  249969
... saving checkpoint ...
... saving checkpoint ...
episode  125 score:  13.0 average score -7.8 best score -8.10 epsilon 0.10 steps  252290
... saving checkpoint ...
... saving checkpoint ...
episode  126 score:  12.0 average score -7.4 best score -7.76 epsilon 0.10 steps  254556
... saving checkpoint ...
... saving checkpoint ...
episode  127 score:  15.0 average score -7.1 best score -7.43 epsilon 0.10 steps  256973
... saving checkpoint ...
... saving checkpoint ...
episode  128 score:  15.0 average score -6.7 best score -7.07 epsilon 0.10 steps  259043
... saving checkpoint ...
... saving checkpoint ...
episode  129 score:  19.0 average score -6.3 best score -6.71 epsilon 0.10 steps  261114
... saving checkpoint ...
... saving checkpoint ...
episode  130 score:  8.0 average score -6.0 best score -6.33 epsilon 0.10 steps  264047
... saving checkpoint ...
... saving checkpoint ...
episode  131 score:  14.0 average score -5.7 best score -6.05 epsilon 0.10 steps  266298
... saving checkpoint ...
... saving checkpoint ...
episode  132 score:  12.0 average score -5.4 best score -5.72 epsilon 0.10 steps  268634
... saving checkpoint ...
... saving checkpoint ...
episode  133 score:  14.0 average score -5.0 best score -5.40 epsilon 0.10 steps  270628
... saving checkpoint ...
... saving checkpoint ...
episode  134 score:  17.0 average score -4.7 best score -5.05 epsilon 0.10 steps  272860
... saving checkpoint ...
... saving checkpoint ...
episode  135 score:  13.0 average score -4.4 best score -4.70 epsilon 0.10 steps  275470
... saving checkpoint ...
... saving checkpoint ...
episode  136 score:  10.0 average score -4.1 best score -4.37 epsilon 0.10 steps  277976
... saving checkpoint ...
... saving checkpoint ...
episode  137 score:  7.0 average score -3.8 best score -4.07 epsilon 0.10 steps  280763
... saving checkpoint ...
... saving checkpoint ...
episode  138 score:  11.0 average score -3.5 best score -3.81 epsilon 0.10 steps  283371
... saving checkpoint ...
... saving checkpoint ...
episode  139 score:  15.0 average score -3.1 best score -3.49 epsilon 0.10 steps  285561
... saving checkpoint ...
... saving checkpoint ...
episode  140 score:  12.0 average score -2.8 best score -3.15 epsilon 0.10 steps  288031
... saving checkpoint ...
... saving checkpoint ...
episode  141 score:  9.0 average score -2.5 best score -2.82 epsilon 0.10 steps  290666
... saving checkpoint ...
... saving checkpoint ...
episode  142 score:  16.0 average score -2.2 best score -2.55 epsilon 0.10 steps  292794
... saving checkpoint ...
... saving checkpoint ...
episode  143 score:  7.0 average score -1.9 best score -2.19 epsilon 0.10 steps  295739
... saving checkpoint ...
... saving checkpoint ...
episode  144 score:  14.0 average score -1.6 best score -1.94 epsilon 0.10 steps  297818
... saving checkpoint ...
... saving checkpoint ...
episode  145 score:  14.0 average score -1.3 best score -1.63 epsilon 0.10 steps  300242
... saving checkpoint ...
... saving checkpoint ...
episode  146 score:  17.0 average score -0.9 best score -1.30 epsilon 0.10 steps  302211
... saving checkpoint ...
... saving checkpoint ...
episode  147 score:  9.0 average score -0.7 best score -0.95 epsilon 0.10 steps  304936
... saving checkpoint ...
... saving checkpoint ...
episode  148 score:  18.0 average score -0.3 best score -0.67 epsilon 0.10 steps  306909
... saving checkpoint ...
... saving checkpoint ...
episode  149 score:  7.0 average score -0.1 best score -0.30 epsilon 0.10 steps  309560
... saving checkpoint ...
... saving checkpoint ...
episode  150 score:  11.0 average score 0.2 best score -0.07 epsilon 0.10 steps  311928
... saving checkpoint ...
... saving checkpoint ...
episode  151 score:  12.0 average score 0.6 best score 0.23 epsilon 0.10 steps  314320
... saving checkpoint ...
... saving checkpoint ...
episode  152 score:  14.0 average score 0.9 best score 0.56 epsilon 0.10 steps  316654
... saving checkpoint ...
... saving checkpoint ...
episode  153 score:  13.0 average score 1.2 best score 0.87 epsilon 0.10 steps  318887
... saving checkpoint ...
... saving checkpoint ...
episode  154 score:  10.0 average score 1.4 best score 1.19 epsilon 0.10 steps  321331
... saving checkpoint ...
... saving checkpoint ...
episode  155 score:  16.0 average score 1.8 best score 1.44 epsilon 0.10 steps  323330
... saving checkpoint ...
... saving checkpoint ...
episode  156 score:  7.0 average score 2.0 best score 1.77 epsilon 0.10 steps  326196
... saving checkpoint ...
... saving checkpoint ...
episode  157 score:  9.0 average score 2.2 best score 1.99 epsilon 0.10 steps  329251
... saving checkpoint ...
... saving checkpoint ...
episode  158 score:  11.0 average score 2.5 best score 2.25 epsilon 0.10 steps  331813
... saving checkpoint ...
... saving checkpoint ...
episode  159 score:  17.0 average score 2.9 best score 2.52 epsilon 0.10 steps  334033
... saving checkpoint ...
... saving checkpoint ...
episode  160 score:  13.0 average score 3.1 best score 2.86 epsilon 0.10 steps  336404
... saving checkpoint ...
... saving checkpoint ...
episode  161 score:  18.0 average score 3.5 best score 3.14 epsilon 0.10 steps  338383
... saving checkpoint ...
... saving checkpoint ...
episode  162 score:  18.0 average score 3.8 best score 3.47 epsilon 0.10 steps  340553
... saving checkpoint ...
... saving checkpoint ...
episode  163 score:  17.0 average score 4.1 best score 3.83 epsilon 0.10 steps  342729
... saving checkpoint ...
... saving checkpoint ...
episode  164 score:  16.0 average score 4.5 best score 4.13 epsilon 0.10 steps  344890
... saving checkpoint ...
... saving checkpoint ...
episode  165 score:  18.0 average score 4.8 best score 4.46 epsilon 0.10 steps  346775
... saving checkpoint ...
... saving checkpoint ...
episode  166 score:  15.0 average score 5.1 best score 4.78 epsilon 0.10 steps  348890
... saving checkpoint ...
... saving checkpoint ...
episode  167 score:  10.0 average score 5.3 best score 5.11 epsilon 0.10 steps  351597
... saving checkpoint ...
... saving checkpoint ...
episode  168 score:  18.0 average score 5.7 best score 5.35 epsilon 0.10 steps  353475
... saving checkpoint ...
... saving checkpoint ...
episode  169 score:  16.0 average score 6.0 best score 5.65 epsilon 0.10 steps  355661
... saving checkpoint ...
... saving checkpoint ...
episode  170 score:  16.0 average score 6.3 best score 5.97 epsilon 0.10 steps  357871
... saving checkpoint ...
... saving checkpoint ...
episode  171 score:  14.0 average score 6.6 best score 6.33 epsilon 0.10 steps  360026
... saving checkpoint ...
... saving checkpoint ...
episode  172 score:  12.0 average score 6.9 best score 6.60 epsilon 0.10 steps  362255
... saving checkpoint ...
... saving checkpoint ...
episode  173 score:  20.0 average score 7.2 best score 6.87 epsilon 0.10 steps  363951
... saving checkpoint ...
... saving checkpoint ...
episode  174 score:  11.0 average score 7.5 best score 7.21 epsilon 0.10 steps  366449
... saving checkpoint ...
... saving checkpoint ...
episode  175 score:  13.0 average score 7.7 best score 7.46 epsilon 0.10 steps  368650
... saving checkpoint ...
... saving checkpoint ...
episode  176 score:  16.0 average score 8.0 best score 7.74 epsilon 0.10 steps  370763
... saving checkpoint ...
... saving checkpoint ...
episode  177 score:  13.0 average score 8.3 best score 7.98 epsilon 0.10 steps  373115
... saving checkpoint ...
... saving checkpoint ...
episode  178 score:  11.0 average score 8.5 best score 8.26 epsilon 0.10 steps  375715
... saving checkpoint ...
... saving checkpoint ...
episode  179 score:  8.0 average score 8.7 best score 8.51 epsilon 0.10 steps  378990
... saving checkpoint ...
... saving checkpoint ...
episode  180 score:  15.0 average score 8.9 best score 8.72 epsilon 0.10 steps  381088
... saving checkpoint ...
... saving checkpoint ...
episode  181 score:  17.0 average score 9.2 best score 8.95 epsilon 0.10 steps  383020
... saving checkpoint ...
... saving checkpoint ...
episode  182 score:  15.0 average score 9.5 best score 9.22 epsilon 0.10 steps  385091
... saving checkpoint ...
... saving checkpoint ...
episode  183 score:  11.0 average score 9.7 best score 9.47 epsilon 0.10 steps  387624
... saving checkpoint ...
... saving checkpoint ...
episode  184 score:  13.0 average score 9.9 best score 9.65 epsilon 0.10 steps  390067
... saving checkpoint ...
... saving checkpoint ...
episode  185 score:  5.0 average score 10.0 best score 9.89 epsilon 0.10 steps  393111
... saving checkpoint ...
... saving checkpoint ...
episode  186 score:  11.0 average score 10.2 best score 10.03 epsilon 0.10 steps  395679
... saving checkpoint ...
... saving checkpoint ...
episode  187 score:  15.0 average score 10.4 best score 10.21 epsilon 0.10 steps  397933
... saving checkpoint ...
... saving checkpoint ...
episode  188 score:  19.0 average score 10.7 best score 10.41 epsilon 0.10 steps  399819
... saving checkpoint ...
... saving checkpoint ...
episode  189 score:  15.0 average score 10.9 best score 10.68 epsilon 0.10 steps  402005
... saving checkpoint ...
... saving checkpoint ...
episode  190 score:  15.0 average score 11.1 best score 10.92 epsilon 0.10 steps  404339
... saving checkpoint ...
... saving checkpoint ...
episode  191 score:  16.0 average score 11.4 best score 11.11 epsilon 0.10 steps  406730
... saving checkpoint ...
... saving checkpoint ...
episode  192 score:  8.0 average score 11.5 best score 11.37 epsilon 0.10 steps  409203
... saving checkpoint ...
... saving checkpoint ...
episode  193 score:  11.0 average score 11.6 best score 11.53 epsilon 0.10 steps  411496
... saving checkpoint ...
... saving checkpoint ...
episode  194 score:  16.0 average score 11.8 best score 11.60 epsilon 0.10 steps  413499
... saving checkpoint ...
... saving checkpoint ...
episode  195 score:  10.0 average score 11.8 best score 11.78 epsilon 0.10 steps  416186
... saving checkpoint ...
... saving checkpoint ...
episode  196 score:  11.0 average score 11.9 best score 11.85 epsilon 0.10 steps  418483
... saving checkpoint ...
... saving checkpoint ...
episode  197 score:  6.0 average score 12.1 best score 11.94 epsilon 0.10 steps  421066
... saving checkpoint ...
... saving checkpoint ...
episode  198 score:  5.0 average score 12.0 best score 12.06 epsilon 0.10 steps  423951
episode  199 score:  13.0 average score 12.1 best score 12.06 epsilon 0.10 steps  426470
... saving checkpoint ...
... saving checkpoint ...
episode  200 score:  14.0 average score 12.2 best score 12.13 epsilon 0.10 steps  428595
... saving checkpoint ...
... saving checkpoint ...
episode  201 score:  12.0 average score 12.4 best score 12.22 epsilon 0.10 steps  431281
... saving checkpoint ...
... saving checkpoint ...
episode  202 score:  16.0 average score 12.4 best score 12.37 epsilon 0.10 steps  433332
... saving checkpoint ...
... saving checkpoint ...
episode  203 score:  9.0 average score 12.4 best score 12.45 epsilon 0.10 steps  435711
episode  204 score:  17.0 average score 12.4 best score 12.45 epsilon 0.10 steps  437604
episode  205 score:  16.0 average score 12.6 best score 12.45 epsilon 0.10 steps  439741
... saving checkpoint ...
... saving checkpoint ...
episode  206 score:  15.0 average score 12.6 best score 12.59 epsilon 0.10 steps  442054
... saving checkpoint ...
... saving checkpoint ...
episode  207 score:  14.0 average score 12.6 best score 12.60 epsilon 0.10 steps  444403
... saving checkpoint ...
... saving checkpoint ...
episode  208 score:  18.0 average score 12.7 best score 12.64 epsilon 0.10 steps  446297
... saving checkpoint ...
... saving checkpoint ...
episode  209 score:  10.0 average score 12.7 best score 12.72 epsilon 0.10 steps  448756
... saving checkpoint ...
... saving checkpoint ...
episode  210 score:  14.0 average score 12.8 best score 12.74 epsilon 0.10 steps  451147
... saving checkpoint ...
... saving checkpoint ...
episode  211 score:  16.0 average score 12.9 best score 12.79 epsilon 0.10 steps  453069
... saving checkpoint ...
... saving checkpoint ...
episode  212 score:  16.0 average score 12.9 best score 12.86 epsilon 0.10 steps  455215
... saving checkpoint ...
... saving checkpoint ...
episode  213 score:  15.0 average score 13.0 best score 12.94 epsilon 0.10 steps  457242
... saving checkpoint ...
... saving checkpoint ...
episode  214 score:  16.0 average score 13.0 best score 12.97 epsilon 0.10 steps  459246
... saving checkpoint ...
... saving checkpoint ...
episode  215 score:  11.0 average score 13.0 best score 12.99 epsilon 0.10 steps  461970
episode  216 score:  16.0 average score 13.0 best score 12.99 epsilon 0.10 steps  464002
episode  217 score:  12.0 average score 13.1 best score 12.99 epsilon 0.10 steps  466475
... saving checkpoint ...
... saving checkpoint ...
episode  218 score:  16.0 average score 13.2 best score 13.13 epsilon 0.10 steps  468661
... saving checkpoint ...
... saving checkpoint ...
episode  219 score:  10.0 average score 13.2 best score 13.21 epsilon 0.10 steps  471000
episode  220 score:  13.0 average score 13.2 best score 13.21 epsilon 0.10 steps  473137
episode  221 score:  19.0 average score 13.3 best score 13.21 epsilon 0.10 steps  474979
... saving checkpoint ...
... saving checkpoint ...
episode  222 score:  15.0 average score 13.3 best score 13.26 epsilon 0.10 steps  477127
... saving checkpoint ...
... saving checkpoint ...
episode  223 score:  18.0 average score 13.4 best score 13.35 epsilon 0.10 steps  479063
... saving checkpoint ...
... saving checkpoint ...
episode  224 score:  15.0 average score 13.4 best score 13.37 epsilon 0.10 steps  481250
... saving checkpoint ...
... saving checkpoint ...
episode  225 score:  14.0 average score 13.4 best score 13.41 epsilon 0.10 steps  483574
... saving checkpoint ...
... saving checkpoint ...
episode  226 score:  14.0 average score 13.4 best score 13.42 epsilon 0.10 steps  485660
... saving checkpoint ...
... saving checkpoint ...
episode  227 score:  17.0 average score 13.5 best score 13.44 epsilon 0.10 steps  487523
... saving checkpoint ...
... saving checkpoint ...
episode  228 score:  15.0 average score 13.5 best score 13.46 epsilon 0.10 steps  489690
episode  229 score:  14.0 average score 13.4 best score 13.46 epsilon 0.10 steps  491786
episode  230 score:  17.0 average score 13.5 best score 13.46 epsilon 0.10 steps  493838
... saving checkpoint ...
... saving checkpoint ...
episode  231 score:  17.0 average score 13.5 best score 13.50 epsilon 0.10 steps  495800
... saving checkpoint ...
... saving checkpoint ...
episode  232 score:  13.0 average score 13.5 best score 13.53 epsilon 0.10 steps  498386
... saving checkpoint ...
... saving checkpoint ...
episode  233 score:  17.0 average score 13.6 best score 13.54 epsilon 0.10 steps  500392
... saving checkpoint ...
... saving checkpoint ...
episode  234 score:  17.0 average score 13.6 best score 13.57 epsilon 0.10 steps  502265
episode  235 score:  17.0 average score 13.6 best score 13.57 epsilon 0.10 steps  504267
... saving checkpoint ...
... saving checkpoint ...
episode  236 score:  15.0 average score 13.7 best score 13.61 epsilon 0.10 steps  506274
... saving checkpoint ...
... saving checkpoint ...
episode  237 score:  15.0 average score 13.7 best score 13.66 epsilon 0.10 steps  508562
... saving checkpoint ...
... saving checkpoint ...
episode  238 score:  15.0 average score 13.8 best score 13.74 epsilon 0.10 steps  510497
... saving checkpoint ...
... saving checkpoint ...
episode  239 score:  11.0 average score 13.7 best score 13.78 epsilon 0.10 steps  513012
episode  240 score:  14.0 average score 13.8 best score 13.78 epsilon 0.10 steps  515348
episode  241 score:  16.0 average score 13.8 best score 13.78 epsilon 0.10 steps  517522
... saving checkpoint ...
... saving checkpoint ...
episode  242 score:  13.0 average score 13.8 best score 13.83 epsilon 0.10 steps  519799
episode  243 score:  18.0 average score 13.9 best score 13.83 epsilon 0.10 steps  521662
... saving checkpoint ...
... saving checkpoint ...
episode  244 score:  15.0 average score 13.9 best score 13.91 epsilon 0.10 steps  523673
... saving checkpoint ...
... saving checkpoint ...
episode  245 score:  13.0 average score 13.9 best score 13.92 epsilon 0.10 steps  525933
episode  246 score:  18.0 average score 13.9 best score 13.92 epsilon 0.10 steps  527717
episode  247 score:  11.0 average score 13.9 best score 13.92 epsilon 0.10 steps  530243
... saving checkpoint ...
... saving checkpoint ...
episode  248 score:  13.0 average score 13.9 best score 13.94 epsilon 0.10 steps  532531
episode  249 score:  16.0 average score 14.0 best score 13.94 epsilon 0.10 steps  534561
... saving checkpoint ...
... saving checkpoint ...
episode  250 score:  17.0 average score 14.0 best score 13.98 epsilon 0.10 steps  536676
... saving checkpoint ...
... saving checkpoint ...
episode  251 score:  18.0 average score 14.1 best score 14.04 epsilon 0.10 steps  538643
... saving checkpoint ...
... saving checkpoint ...
episode  252 score:  19.0 average score 14.2 best score 14.10 epsilon 0.10 steps  540707
... saving checkpoint ...
... saving checkpoint ...
episode  253 score:  10.0 average score 14.1 best score 14.15 epsilon 0.10 steps  543200
episode  254 score:  11.0 average score 14.1 best score 14.15 epsilon 0.10 steps  545435
episode  255 score:  17.0 average score 14.1 best score 14.15 epsilon 0.10 steps  547355
episode  256 score:  14.0 average score 14.2 best score 14.15 epsilon 0.10 steps  549733
... saving checkpoint ...
... saving checkpoint ...
episode  257 score:  10.0 average score 14.2 best score 14.21 epsilon 0.10 steps  552385
... saving checkpoint ...
... saving checkpoint ...
episode  258 score:  18.0 average score 14.3 best score 14.22 epsilon 0.10 steps  554446
... saving checkpoint ...
... saving checkpoint ...
episode  259 score:  17.0 average score 14.3 best score 14.29 epsilon 0.10 steps  556368
episode  260 score:  10.0 average score 14.3 best score 14.29 epsilon 0.10 steps  558949
episode  261 score:  11.0 average score 14.2 best score 14.29 epsilon 0.10 steps  561515
episode  262 score:  19.0 average score 14.2 best score 14.29 epsilon 0.10 steps  563396
episode  263 score:  18.0 average score 14.2 best score 14.29 epsilon 0.10 steps  565263
episode  264 score:  19.0 average score 14.2 best score 14.29 epsilon 0.10 steps  567164
episode  265 score:  18.0 average score 14.2 best score 14.29 epsilon 0.10 steps  569139
episode  266 score:  14.0 average score 14.2 best score 14.29 epsilon 0.10 steps  571194
episode  267 score:  15.0 average score 14.3 best score 14.29 epsilon 0.10 steps  573563
episode  268 score:  13.0 average score 14.2 best score 14.29 epsilon 0.10 steps  575815
episode  269 score:  17.0 average score 14.2 best score 14.29 epsilon 0.10 steps  578039
episode  270 score:  18.0 average score 14.3 best score 14.29 epsilon 0.10 steps  579945
episode  271 score:  11.0 average score 14.2 best score 14.29 epsilon 0.10 steps  582179
episode  272 score:  13.0 average score 14.2 best score 14.29 epsilon 0.10 steps  584404
episode  273 score:  15.0 average score 14.2 best score 14.29 epsilon 0.10 steps  586428
episode  274 score:  14.0 average score 14.2 best score 14.29 epsilon 0.10 steps  588534
episode  275 score:  13.0 average score 14.2 best score 14.29 epsilon 0.10 steps  590678
episode  276 score:  14.0 average score 14.2 best score 14.29 epsilon 0.10 steps  592902
episode  277 score:  12.0 average score 14.2 best score 14.29 epsilon 0.10 steps  595178
episode  278 score:  16.0 average score 14.2 best score 14.29 epsilon 0.10 steps  597138
episode  279 score:  18.0 average score 14.3 best score 14.29 epsilon 0.10 steps  598954
... saving checkpoint ...
... saving checkpoint ...
episode  280 score:  15.0 average score 14.3 best score 14.34 epsilon 0.10 steps  600999
episode  281 score:  12.0 average score 14.3 best score 14.34 epsilon 0.10 steps  603533
episode  282 score:  16.0 average score 14.3 best score 14.34 epsilon 0.10 steps  605614
episode  283 score:  13.0 average score 14.3 best score 14.34 epsilon 0.10 steps  607944
episode  284 score:  12.0 average score 14.3 best score 14.34 epsilon 0.10 steps  610225
episode  285 score:  13.0 average score 14.4 best score 14.34 epsilon 0.10 steps  612322
... saving checkpoint ...
... saving checkpoint ...
episode  286 score:  16.0 average score 14.4 best score 14.39 epsilon 0.10 steps  614416
... saving checkpoint ...
... saving checkpoint ...
episode  287 score:  12.0 average score 14.4 best score 14.44 epsilon 0.10 steps  616793
episode  288 score:  19.0 average score 14.4 best score 14.44 epsilon 0.10 steps  618577
episode  289 score:  15.0 average score 14.4 best score 14.44 epsilon 0.10 steps  620699
episode  290 score:  17.0 average score 14.4 best score 14.44 epsilon 0.10 steps  622663
episode  291 score:  19.0 average score 14.5 best score 14.44 epsilon 0.10 steps  624506
... saving checkpoint ...
... saving checkpoint ...
episode  292 score:  13.0 average score 14.5 best score 14.46 epsilon 0.10 steps  627014
... saving checkpoint ...
... saving checkpoint ...
episode  293 score:  17.0 average score 14.6 best score 14.51 epsilon 0.10 steps  629074
... saving checkpoint ...
... saving checkpoint ...
episode  294 score:  16.0 average score 14.6 best score 14.57 epsilon 0.10 steps  631204
episode  295 score:  13.0 average score 14.6 best score 14.57 epsilon 0.10 steps  633954
... saving checkpoint ...
... saving checkpoint ...
episode  296 score:  16.0 average score 14.7 best score 14.60 epsilon 0.10 steps  636176
... saving checkpoint ...
... saving checkpoint ...
episode  297 score:  15.0 average score 14.7 best score 14.65 epsilon 0.10 steps  638298
... saving checkpoint ...
... saving checkpoint ...
episode  298 score:  19.0 average score 14.9 best score 14.74 epsilon 0.10 steps  640233
... saving checkpoint ...
... saving checkpoint ...
episode  299 score:  16.0 average score 14.9 best score 14.88 epsilon 0.10 steps  642299
... saving checkpoint ...
... saving checkpoint ...