... saving checkpoint ...
episode 65 score:  -20.0 average score -19.0 best score -19.0 epsilon 0.12 steps  88485
episode 66 score:  -18.0 average score -19.0 best score -19.0 epsilon 0.10 steps  90878
... saving checkpoint ...
... saving checkpoint ...
episode 67 score:  -18.0 average score -19.0 best score -19.0 epsilon 0.10 steps  93221
... saving checkpoint ...
... saving checkpoint ...
episode 68 score:  -14.0 average score -18.9 best score -19.0 epsilon 0.10 steps  95950
... saving checkpoint ...
... saving checkpoint ...
episode 69 score:  -15.0 average score -18.9 best score -18.9 epsilon 0.10 steps  98419
... saving checkpoint ...
... saving checkpoint ...
episode 70 score:  -16.0 average score -18.8 best score -18.9 epsilon 0.10 steps  100979
... saving checkpoint ...
... saving checkpoint ...
episode 71 score:  -18.0 average score -18.8 best score -18.8 epsilon 0.10 steps  103220
... saving checkpoint ...
... saving checkpoint ...
episode 72 score:  -15.0 average score -18.8 best score -18.8 epsilon 0.10 steps  105912
... saving checkpoint ...
... saving checkpoint ...
episode 73 score:  -5.0 average score -18.6 best score -18.8 epsilon 0.10 steps  109974
... saving checkpoint ...
... saving checkpoint ...
episode 74 score:  -16.0 average score -18.6 best score -18.6 epsilon 0.10 steps  112224
... saving checkpoint ...
... saving checkpoint ...
episode 75 score:  -10.0 average score -18.4 best score -18.6 epsilon 0.10 steps  115237
... saving checkpoint ...
... saving checkpoint ...
episode 76 score:  -12.0 average score -18.4 best score -18.4 epsilon 0.10 steps  118642
... saving checkpoint ...
... saving checkpoint ...
episode 77 score:  -8.0 average score -18.2 best score -18.4 epsilon 0.10 steps  122008
... saving checkpoint ...
... saving checkpoint ...
episode 78 score:  -4.0 average score -18.1 best score -18.2 epsilon 0.10 steps  125675
... saving checkpoint ...
... saving checkpoint ...
episode 79 score:  -16.0 average score -18.0 best score -18.1 epsilon 0.10 steps  128279
... saving checkpoint ...
... saving checkpoint ...
episode 80 score:  -14.0 average score -18.0 best score -18.0 epsilon 0.10 steps  130796
... saving checkpoint ...
... saving checkpoint ...
episode 81 score:  -8.0 average score -17.9 best score -18.0 epsilon 0.10 steps  133728
... saving checkpoint ...
... saving checkpoint ...
episode 82 score:  -14.0 average score -17.8 best score -17.9 epsilon 0.10 steps  136278
... saving checkpoint ...
... saving checkpoint ...
episode 83 score:  -14.0 average score -17.8 best score -17.8 epsilon 0.10 steps  138913
... saving checkpoint ...
... saving checkpoint ...
episode 84 score:  -8.0 average score -17.6 best score -17.8 epsilon 0.10 steps  141956
... saving checkpoint ...
... saving checkpoint ...
episode 85 score:  -13.0 average score -17.6 best score -17.6 epsilon 0.10 steps  144668
... saving checkpoint ...
... saving checkpoint ...
episode 86 score:  -10.0 average score -17.5 best score -17.6 epsilon 0.10 steps  147821
... saving checkpoint ...
... saving checkpoint ...
episode 87 score:  -3.0 average score -17.3 best score -17.5 epsilon 0.10 steps  151289
... saving checkpoint ...
... saving checkpoint ...
episode 88 score:  -6.0 average score -17.2 best score -17.3 epsilon 0.10 steps  154382
... saving checkpoint ...
... saving checkpoint ...
episode 89 score:  -7.0 average score -17.1 best score -17.2 epsilon 0.10 steps  157255
... saving checkpoint ...
... saving checkpoint ...
episode 90 score:  -4.0 average score -17.0 best score -17.1 epsilon 0.10 steps  160864
... saving checkpoint ...
... saving checkpoint ...
episode 91 score:  -7.0 average score -16.8 best score -17.0 epsilon 0.10 steps  163844
... saving checkpoint ...
... saving checkpoint ...
episode 92 score:  2.0 average score -16.6 best score -16.8 epsilon 0.10 steps  167495
... saving checkpoint ...
... saving checkpoint ...
episode 93 score:  4.0 average score -16.4 best score -16.6 epsilon 0.10 steps  170848
... saving checkpoint ...
... saving checkpoint ...
episode 94 score:  13.0 average score -16.1 best score -16.4 epsilon 0.10 steps  173420
... saving checkpoint ...
... saving checkpoint ...
episode 95 score:  15.0 average score -15.8 best score -16.1 epsilon 0.10 steps  175488
... saving checkpoint ...
... saving checkpoint ...
episode 96 score:  12.0 average score -15.5 best score -15.8 epsilon 0.10 steps  178084
... saving checkpoint ...
... saving checkpoint ...
episode 97 score:  5.0 average score -15.3 best score -15.5 epsilon 0.10 steps  181384
... saving checkpoint ...
... saving checkpoint ...
episode 98 score:  1.0 average score -15.1 best score -15.3 epsilon 0.10 steps  185063
... saving checkpoint ...
... saving checkpoint ...
episode 99 score:  7.0 average score -14.9 best score -15.1 epsilon 0.10 steps  188070
... saving checkpoint ...
... saving checkpoint ...
episode 100 score:  6.0 average score -14.7 best score -14.9 epsilon 0.10 steps  191458
... saving checkpoint ...
... saving checkpoint ...
episode 101 score:  1.0 average score -14.4 best score -14.7 epsilon 0.10 steps  194996
... saving checkpoint ...
... saving checkpoint ...
episode 102 score:  7.0 average score -14.2 best score -14.4 epsilon 0.10 steps  197997
... saving checkpoint ...
... saving checkpoint ...
episode 103 score:  5.0 average score -13.9 best score -14.2 epsilon 0.10 steps  201058
... saving checkpoint ...
... saving checkpoint ...
episode 104 score:  13.0 average score -13.6 best score -13.9 epsilon 0.10 steps  203709
... saving checkpoint ...
... saving checkpoint ...
episode 105 score:  13.0 average score -13.2 best score -13.6 epsilon 0.10 steps  206417
... saving checkpoint ...
... saving checkpoint ...
episode 106 score:  8.0 average score -12.9 best score -13.2 epsilon 0.10 steps  209441
... saving checkpoint ...
... saving checkpoint ...
episode 107 score:  16.0 average score -12.6 best score -12.9 epsilon 0.10 steps  211733
... saving checkpoint ...
... saving checkpoint ...
episode 108 score:  13.0 average score -12.2 best score -12.6 epsilon 0.10 steps  214337
... saving checkpoint ...
... saving checkpoint ...
episode 109 score:  11.0 average score -11.9 best score -12.2 epsilon 0.10 steps  216837
... saving checkpoint ...
... saving checkpoint ...
episode 110 score:  15.0 average score -11.6 best score -11.9 epsilon 0.10 steps  219205
... saving checkpoint ...
... saving checkpoint ...
episode 111 score:  13.0 average score -11.2 best score -11.6 epsilon 0.10 steps  221755
... saving checkpoint ...
... saving checkpoint ...
episode 112 score:  15.0 average score -10.9 best score -11.2 epsilon 0.10 steps  224178
... saving checkpoint ...
... saving checkpoint ...
episode 113 score:  13.0 average score -10.6 best score -10.9 epsilon 0.10 steps  226494
... saving checkpoint ...
... saving checkpoint ...
episode 114 score:  13.0 average score -10.2 best score -10.6 epsilon 0.10 steps  228775
... saving checkpoint ...
... saving checkpoint ...
episode 115 score:  15.0 average score -9.9 best score -10.2 epsilon 0.10 steps  231168
... saving checkpoint ...
... saving checkpoint ...
episode 116 score:  18.0 average score -9.5 best score -9.9 epsilon 0.10 steps  233123
... saving checkpoint ...
... saving checkpoint ...
episode 117 score:  18.0 average score -9.1 best score -9.5 epsilon 0.10 steps  235056
... saving checkpoint ...
... saving checkpoint ...
episode 118 score:  19.0 average score -8.8 best score -9.1 epsilon 0.10 steps  236798
... saving checkpoint ...
... saving checkpoint ...
episode 119 score:  14.0 average score -8.4 best score -8.8 epsilon 0.10 steps  238870
... saving checkpoint ...
... saving checkpoint ...
episode 120 score:  9.0 average score -8.1 best score -8.4 epsilon 0.10 steps  241529
... saving checkpoint ...
... saving checkpoint ...
episode 121 score:  18.0 average score -7.7 best score -8.1 epsilon 0.10 steps  243469
... saving checkpoint ...
... saving checkpoint ...
episode 122 score:  12.0 average score -7.4 best score -7.7 epsilon 0.10 steps  245833
... saving checkpoint ...
... saving checkpoint ...
episode 123 score:  17.0 average score -7.0 best score -7.4 epsilon 0.10 steps  247802
... saving checkpoint ...
... saving checkpoint ...
episode 124 score:  16.0 average score -6.7 best score -7.0 epsilon 0.10 steps  249905
... saving checkpoint ...
... saving checkpoint ...
episode 125 score:  10.0 average score -6.3 best score -6.7 epsilon 0.10 steps  252451
... saving checkpoint ...
... saving checkpoint ...
episode 126 score:  13.0 average score -6.0 best score -6.3 epsilon 0.10 steps  254836
... saving checkpoint ...
... saving checkpoint ...
episode 127 score:  7.0 average score -5.8 best score -6.0 epsilon 0.10 steps  257368
... saving checkpoint ...
... saving checkpoint ...
episode 128 score:  12.0 average score -5.5 best score -5.8 epsilon 0.10 steps  259857
... saving checkpoint ...
... saving checkpoint ...
episode 129 score:  13.0 average score -5.1 best score -5.5 epsilon 0.10 steps  262497
... saving checkpoint ...
... saving checkpoint ...
episode 130 score:  10.0 average score -4.8 best score -5.1 epsilon 0.10 steps  265115
... saving checkpoint ...
... saving checkpoint ...
episode 131 score:  7.0 average score -4.6 best score -4.8 epsilon 0.10 steps  267849
... saving checkpoint ...
... saving checkpoint ...
episode 132 score:  14.0 average score -4.3 best score -4.6 epsilon 0.10 steps  270312
... saving checkpoint ...
... saving checkpoint ...
episode 133 score:  10.0 average score -4.0 best score -4.3 epsilon 0.10 steps  272969
... saving checkpoint ...
... saving checkpoint ...
episode 134 score:  13.0 average score -3.6 best score -4.0 epsilon 0.10 steps  275709
... saving checkpoint ...
... saving checkpoint ...
episode 135 score:  12.0 average score -3.3 best score -3.6 epsilon 0.10 steps  278280
... saving checkpoint ...
... saving checkpoint ...
episode 136 score:  11.0 average score -3.0 best score -3.3 epsilon 0.10 steps  280748
... saving checkpoint ...
... saving checkpoint ...
episode 137 score:  14.0 average score -2.7 best score -3.0 epsilon 0.10 steps  283054
... saving checkpoint ...
... saving checkpoint ...
episode 138 score:  16.0 average score -2.4 best score -2.7 epsilon 0.10 steps  285355
... saving checkpoint ...
... saving checkpoint ...
episode 139 score:  -4.0 average score -2.2 best score -2.4 epsilon 0.10 steps  288381
... saving checkpoint ...
... saving checkpoint ...
episode 140 score:  14.0 average score -1.9 best score -2.2 epsilon 0.10 steps  290601
... saving checkpoint ...
... saving checkpoint ...
episode 141 score:  14.0 average score -1.5 best score -1.9 epsilon 0.10 steps  292813
... saving checkpoint ...
... saving checkpoint ...
episode 142 score:  8.0 average score -1.3 best score -1.5 epsilon 0.10 steps  295545
... saving checkpoint ...
... saving checkpoint ...
episode 143 score:  16.0 average score -0.9 best score -1.3 epsilon 0.10 steps  297737
... saving checkpoint ...
... saving checkpoint ...
episode 144 score:  16.0 average score -0.6 best score -0.9 epsilon 0.10 steps  300151
... saving checkpoint ...
... saving checkpoint ...
episode 145 score:  15.0 average score -0.3 best score -0.6 epsilon 0.10 steps  302298
... saving checkpoint ...
... saving checkpoint ...
episode 146 score:  17.0 average score 0.1 best score -0.3 epsilon 0.10 steps  304242
... saving checkpoint ...
... saving checkpoint ...
episode 147 score:  20.0 average score 0.5 best score 0.1 epsilon 0.10 steps  305952
... saving checkpoint ...
... saving checkpoint ...
episode 148 score:  17.0 average score 0.8 best score 0.5 epsilon 0.10 steps  308087
... saving checkpoint ...
... saving checkpoint ...
episode 149 score:  16.0 average score 1.2 best score 0.8 epsilon 0.10 steps  310331
... saving checkpoint ...
... saving checkpoint ...
episode 150 score:  5.0 average score 1.4 best score 1.2 epsilon 0.10 steps  312786
... saving checkpoint ...
... saving checkpoint ...
episode 151 score:  11.0 average score 1.7 best score 1.4 epsilon 0.10 steps  315626
... saving checkpoint ...
... saving checkpoint ...
episode 152 score:  20.0 average score 2.0 best score 1.7 epsilon 0.10 steps  317346
... saving checkpoint ...
... saving checkpoint ...
episode 153 score:  14.0 average score 2.3 best score 2.0 epsilon 0.10 steps  319501
... saving checkpoint ...
... saving checkpoint ...
episode 154 score:  12.0 average score 2.6 best score 2.3 epsilon 0.10 steps  321768
... saving checkpoint ...
... saving checkpoint ...
episode 155 score:  18.0 average score 3.0 best score 2.6 epsilon 0.10 steps  323689
... saving checkpoint ...
... saving checkpoint ...
episode 156 score:  17.0 average score 3.4 best score 3.0 epsilon 0.10 steps  325593
... saving checkpoint ...
... saving checkpoint ...
episode 157 score:  12.0 average score 3.7 best score 3.4 epsilon 0.10 steps  327934
... saving checkpoint ...
... saving checkpoint ...
episode 158 score:  10.0 average score 3.9 best score 3.7 epsilon 0.10 steps  330414
... saving checkpoint ...
... saving checkpoint ...
episode 159 score:  8.0 average score 4.2 best score 3.9 epsilon 0.10 steps  333026
... saving checkpoint ...
... saving checkpoint ...
episode 160 score:  14.0 average score 4.5 best score 4.2 epsilon 0.10 steps  335181
... saving checkpoint ...
... saving checkpoint ...
episode 161 score:  14.0 average score 4.8 best score 4.5 epsilon 0.10 steps  337603
... saving checkpoint ...
... saving checkpoint ...
episode 162 score:  15.0 average score 5.1 best score 4.8 epsilon 0.10 steps  339568
... saving checkpoint ...
... saving checkpoint ...
episode 163 score:  18.0 average score 5.4 best score 5.1 epsilon 0.10 steps  341705
... saving checkpoint ...
... saving checkpoint ...
episode 164 score:  16.0 average score 5.8 best score 5.4 epsilon 0.10 steps  343700
... saving checkpoint ...
... saving checkpoint ...
episode 165 score:  8.0 average score 6.1 best score 5.8 epsilon 0.10 steps  346218
... saving checkpoint ...
... saving checkpoint ...
episode 166 score:  10.0 average score 6.3 best score 6.1 epsilon 0.10 steps  349005
... saving checkpoint ...
... saving checkpoint ...
episode 167 score:  16.0 average score 6.7 best score 6.3 epsilon 0.10 steps  351321
... saving checkpoint ...
... saving checkpoint ...
episode 168 score:  10.0 average score 6.9 best score 6.7 epsilon 0.10 steps  353888
... saving checkpoint ...
... saving checkpoint ...
episode 169 score:  18.0 average score 7.3 best score 6.9 epsilon 0.10 steps  355779
... saving checkpoint ...
... saving checkpoint ...
episode 170 score:  16.0 average score 7.6 best score 7.3 epsilon 0.10 steps  357835
... saving checkpoint ...
... saving checkpoint ...
episode 171 score:  19.0 average score 8.0 best score 7.6 epsilon 0.10 steps  359779
... saving checkpoint ...
... saving checkpoint ...
episode 172 score:  11.0 average score 8.2 best score 8.0 epsilon 0.10 steps  361893
... saving checkpoint ...
... saving checkpoint ...
episode 173 score:  11.0 average score 8.4 best score 8.2 epsilon 0.10 steps  364366
... saving checkpoint ...
... saving checkpoint ...
episode 174 score:  10.0 average score 8.6 best score 8.4 epsilon 0.10 steps  367229
... saving checkpoint ...
... saving checkpoint ...
episode 175 score:  16.0 average score 8.9 best score 8.6 epsilon 0.10 steps  369241
... saving checkpoint ...
... saving checkpoint ...
episode 176 score:  15.0 average score 9.2 best score 8.9 epsilon 0.10 steps  371414
... saving checkpoint ...
... saving checkpoint ...
episode 177 score:  11.0 average score 9.3 best score 9.2 epsilon 0.10 steps  374036
... saving checkpoint ...
... saving checkpoint ...
episode 178 score:  13.0 average score 9.5 best score 9.3 epsilon 0.10 steps  376383
... saving checkpoint ...
... saving checkpoint ...
episode 179 score:  14.0 average score 9.8 best score 9.5 epsilon 0.10 steps  378688
... saving checkpoint ...
... saving checkpoint ...
episode 180 score:  9.0 average score 10.1 best score 9.8 epsilon 0.10 steps  381425
... saving checkpoint ...
... saving checkpoint ...
episode 181 score:  16.0 average score 10.3 best score 10.1 epsilon 0.10 steps  383528
... saving checkpoint ...
... saving checkpoint ...
episode 182 score:  17.0 average score 10.6 best score 10.3 epsilon 0.10 steps  385670
... saving checkpoint ...
... saving checkpoint ...
episode 183 score:  17.0 average score 10.9 best score 10.6 epsilon 0.10 steps  387690
... saving checkpoint ...
... saving checkpoint ...
episode 184 score:  15.0 average score 11.1 best score 10.9 epsilon 0.10 steps  389799
... saving checkpoint ...
... saving checkpoint ...
episode 185 score:  13.0 average score 11.4 best score 11.1 epsilon 0.10 steps  392347
... saving checkpoint ...
... saving checkpoint ...
episode 186 score:  14.0 average score 11.6 best score 11.4 epsilon 0.10 steps  394590
... saving checkpoint ...
... saving checkpoint ...
episode 187 score:  17.0 average score 11.8 best score 11.6 epsilon 0.10 steps  396652
... saving checkpoint ...
... saving checkpoint ...
episode 188 score:  14.0 average score 12.0 best score 11.8 epsilon 0.10 steps  398908
... saving checkpoint ...
... saving checkpoint ...
episode 189 score:  14.0 average score 12.2 best score 12.0 epsilon 0.10 steps  401247
... saving checkpoint ...
... saving checkpoint ...
episode 190 score:  14.0 average score 12.4 best score 12.2 epsilon 0.10 steps  403777
... saving checkpoint ...
... saving checkpoint ...
episode 191 score:  15.0 average score 12.7 best score 12.4 epsilon 0.10 steps  405893
... saving checkpoint ...
... saving checkpoint ...
episode 192 score:  14.0 average score 12.8 best score 12.7 epsilon 0.10 steps  408029
... saving checkpoint ...
... saving checkpoint ...
episode 193 score:  12.0 average score 12.8 best score 12.8 epsilon 0.10 steps  410445
... saving checkpoint ...
... saving checkpoint ...
episode 194 score:  14.0 average score 12.9 best score 12.8 epsilon 0.10 steps  412690
... saving checkpoint ...
... saving checkpoint ...
episode 195 score:  16.0 average score 12.9 best score 12.9 epsilon 0.10 steps  414926
... saving checkpoint ...
... saving checkpoint ...
episode 196 score:  10.0 average score 12.8 best score 12.9 epsilon 0.10 steps  417858
episode 197 score:  17.0 average score 13.0 best score 12.9 epsilon 0.10 steps  420219
... saving checkpoint ...
... saving checkpoint ...
episode 198 score:  17.0 average score 13.1 best score 13.0 epsilon 0.10 steps  422289
... saving checkpoint ...
... saving checkpoint ...
episode 199 score:  14.0 average score 13.2 best score 13.1 epsilon 0.10 steps  424491
... saving checkpoint ...
... saving checkpoint ...
episode 200 score:  12.0 average score 13.3 best score 13.2 epsilon 0.10 steps  426833
... saving checkpoint ...
... saving checkpoint ...
episode 201 score:  15.0 average score 13.4 best score 13.3 epsilon 0.10 steps  429050
... saving checkpoint ...
... saving checkpoint ...
episode 202 score:  13.0 average score 13.5 best score 13.4 epsilon 0.10 steps  431375
... saving checkpoint ...
... saving checkpoint ...
episode 203 score:  20.0 average score 13.6 best score 13.5 epsilon 0.10 steps  433248
... saving checkpoint ...
... saving checkpoint ...
episode 204 score:  13.0 average score 13.6 best score 13.6 epsilon 0.10 steps  435659
episode 205 score:  16.0 average score 13.6 best score 13.6 epsilon 0.10 steps  437667
... saving checkpoint ...
... saving checkpoint ...
episode 206 score:  16.0 average score 13.7 best score 13.6 epsilon 0.10 steps  439805
... saving checkpoint ...
... saving checkpoint ...
episode 207 score:  12.0 average score 13.7 best score 13.7 epsilon 0.10 steps  442284
episode 208 score:  15.0 average score 13.7 best score 13.7 epsilon 0.10 steps  444298
episode 209 score:  17.0 average score 13.8 best score 13.7 epsilon 0.10 steps  446313
... saving checkpoint ...
... saving checkpoint ...
episode 210 score:  17.0 average score 13.8 best score 13.8 epsilon 0.10 steps  448271
... saving checkpoint ...
... saving checkpoint ...
episode 211 score:  19.0 average score 13.8 best score 13.8 epsilon 0.10 steps  449997
... saving checkpoint ...
... saving checkpoint ...
episode 212 score:  15.0 average score 13.8 best score 13.8 epsilon 0.10 steps  452085
episode 213 score:  17.0 average score 13.9 best score 13.8 epsilon 0.10 steps  454003
... saving checkpoint ...
... saving checkpoint ...
episode 214 score:  18.0 average score 13.9 best score 13.9 epsilon 0.10 steps  455867
... saving checkpoint ...
... saving checkpoint ...
episode 215 score:  15.0 average score 13.9 best score 13.9 epsilon 0.10 steps  457934
episode 216 score:  18.0 average score 13.9 best score 13.9 epsilon 0.10 steps  459925
episode 217 score:  14.0 average score 13.9 best score 13.9 epsilon 0.10 steps  462174
episode 218 score:  11.0 average score 13.8 best score 13.9 epsilon 0.10 steps  464423
episode 219 score:  19.0 average score 13.9 best score 13.9 epsilon 0.10 steps  466326
episode 220 score:  15.0 average score 13.9 best score 13.9 epsilon 0.10 steps  468692
episode 221 score:  11.0 average score 13.8 best score 13.9 epsilon 0.10 steps  471087
episode 222 score:  12.0 average score 13.8 best score 13.9 epsilon 0.10 steps  473955
episode 223 score:  15.0 average score 13.8 best score 13.9 epsilon 0.10 steps  476169
episode 224 score:  17.0 average score 13.8 best score 13.9 epsilon 0.10 steps  478156
episode 225 score:  15.0 average score 13.9 best score 13.9 epsilon 0.10 steps  480261
episode 226 score:  16.0 average score 13.9 best score 13.9 epsilon 0.10 steps  482350
episode 227 score:  15.0 average score 14.0 best score 13.9 epsilon 0.10 steps  484693
... saving checkpoint ...
... saving checkpoint ...
episode 228 score:  17.0 average score 14.1 best score 14.0 epsilon 0.10 steps  486605
... saving checkpoint ...
... saving checkpoint ...
episode 229 score:  16.0 average score 14.1 best score 14.1 epsilon 0.10 steps  488694
... saving checkpoint ...
... saving checkpoint ...
episode 230 score:  19.0 average score 14.2 best score 14.1 epsilon 0.10 steps  490677
... saving checkpoint ...
... saving checkpoint ...
episode 231 score:  18.0 average score 14.3 best score 14.2 epsilon 0.10 steps  492550
... saving checkpoint ...
... saving checkpoint ...
episode 232 score:  16.0 average score 14.3 best score 14.3 epsilon 0.10 steps  494855
... saving checkpoint ...
... saving checkpoint ...
episode 233 score:  8.0 average score 14.3 best score 14.3 epsilon 0.10 steps  497723
episode 234 score:  5.0 average score 14.2 best score 14.3 epsilon 0.10 steps  500438
episode 235 score:  17.0 average score 14.2 best score 14.3 epsilon 0.10 steps  502307
episode 236 score:  14.0 average score 14.3 best score 14.3 epsilon 0.10 steps  504510
episode 237 score:  11.0 average score 14.2 best score 14.3 epsilon 0.10 steps  506781
episode 238 score:  19.0 average score 14.3 best score 14.3 epsilon 0.10 steps  508578
episode 239 score:  14.0 average score 14.5 best score 14.3 epsilon 0.10 steps  510612
... saving checkpoint ...
... saving checkpoint ...
episode 240 score:  18.0 average score 14.5 best score 14.5 epsilon 0.10 steps  512516
... saving checkpoint ...
... saving checkpoint ...
episode 241 score:  15.0 average score 14.5 best score 14.5 epsilon 0.10 steps  514503
... saving checkpoint ...
... saving checkpoint ...
episode 242 score:  18.0 average score 14.6 best score 14.5 epsilon 0.10 steps  516622
... saving checkpoint ...
... saving checkpoint ...
episode 243 score:  15.0 average score 14.6 best score 14.6 epsilon 0.10 steps  518693
episode 244 score:  17.0 average score 14.6 best score 14.6 epsilon 0.10 steps  520673
episode 245 score:  15.0 average score 14.6 best score 14.6 epsilon 0.10 steps  522792
episode 246 score:  16.0 average score 14.6 best score 14.6 epsilon 0.10 steps  524963
episode 247 score:  13.0 average score 14.5 best score 14.6 epsilon 0.10 steps  527421
episode 248 score:  16.0 average score 14.5 best score 14.6 epsilon 0.10 steps  529529
episode 249 score:  15.0 average score 14.5 best score 14.6 epsilon 0.10 steps  531820
episode 250 score:  17.0 average score 14.6 best score 14.6 epsilon 0.10 steps  534206
... saving checkpoint ...
... saving checkpoint ...
episode 251 score:  16.0 average score 14.7 best score 14.6 epsilon 0.10 steps  536440
... saving checkpoint ...
... saving checkpoint ...
episode 252 score:  13.0 average score 14.6 best score 14.7 epsilon 0.10 steps  539096
episode 253 score:  18.0 average score 14.7 best score 14.7 epsilon 0.10 steps  541065
episode 254 score:  17.0 average score 14.7 best score 14.7 epsilon 0.10 steps  543077
... saving checkpoint ...
... saving checkpoint ...
episode 255 score:  17.0 average score 14.7 best score 14.7 epsilon 0.10 steps  545109
episode 256 score:  15.0 average score 14.7 best score 14.7 epsilon 0.10 steps  547153
episode 257 score:  12.0 average score 14.7 best score 14.7 epsilon 0.10 steps  549491
episode 258 score:  18.0 average score 14.8 best score 14.7 epsilon 0.10 steps  551517
... saving checkpoint ...
... saving checkpoint ...
episode 259 score:  20.0 average score 14.9 best score 14.8 epsilon 0.10 steps  553238
... saving checkpoint ...
... saving checkpoint ...
episode 260 score:  19.0 average score 14.9 best score 14.9 epsilon 0.10 steps  555299
... saving checkpoint ...
... saving checkpoint ...
episode 261 score:  18.0 average score 15.0 best score 14.9 epsilon 0.10 steps  557375
... saving checkpoint ...
... saving checkpoint ...
episode 262 score:  17.0 average score 15.0 best score 15.0 epsilon 0.10 steps  559503
... saving checkpoint ...
... saving checkpoint ...
episode 263 score:  17.0 average score 15.0 best score 15.0 epsilon 0.10 steps  561445
episode 264 score:  17.0 average score 15.0 best score 15.0 epsilon 0.10 steps  563551
episode 265 score:  19.0 average score 15.1 best score 15.0 epsilon 0.10 steps  565434
... saving checkpoint ...
... saving checkpoint ...
episode 266 score:  17.0 average score 15.2 best score 15.1 epsilon 0.10 steps  567529
... saving checkpoint ...
... saving checkpoint ...
episode 267 score:  14.0 average score 15.1 best score 15.2 epsilon 0.10 steps  569734
episode 268 score:  14.0 average score 15.2 best score 15.2 epsilon 0.10 steps  571847
... saving checkpoint ...
... saving checkpoint ...
episode 269 score:  15.0 average score 15.2 best score 15.2 epsilon 0.10 steps  573854
episode 270 score:  12.0 average score 15.1 best score 15.2 epsilon 0.10 steps  576188
episode 271 score:  13.0 average score 15.1 best score 15.2 epsilon 0.10 steps  578730
episode 272 score:  15.0 average score 15.1 best score 15.2 epsilon 0.10 steps  580970
episode 273 score:  19.0 average score 15.2 best score 15.2 epsilon 0.10 steps  582776
episode 274 score:  18.0 average score 15.2 best score 15.2 epsilon 0.10 steps  584591
... saving checkpoint ...
... saving checkpoint ...
episode 275 score:  17.0 average score 15.3 best score 15.2 epsilon 0.10 steps  586595
... saving checkpoint ...
... saving checkpoint ...
episode 276 score:  17.0 average score 15.3 best score 15.3 epsilon 0.10 steps  588782
... saving checkpoint ...
... saving checkpoint ...
episode 277 score:  13.0 average score 15.3 best score 15.3 epsilon 0.10 steps  591000
... saving checkpoint ...
... saving checkpoint ...
episode 278 score:  15.0 average score 15.3 best score 15.3 epsilon 0.10 steps  593045
... saving checkpoint ...
... saving checkpoint ...
episode 279 score:  18.0 average score 15.4 best score 15.3 epsilon 0.10 steps  595002
... saving checkpoint ...
... saving checkpoint ...
episode 280 score:  17.0 average score 15.4 best score 15.4 epsilon 0.10 steps  596982
... saving checkpoint ...
... saving checkpoint ...
episode 281 score:  19.0 average score 15.5 best score 15.4 epsilon 0.10 steps  598854
... saving checkpoint ...
... saving checkpoint ...
episode 282 score:  16.0 average score 15.5 best score 15.5 epsilon 0.10 steps  601398
episode 283 score:  20.0 average score 15.5 best score 15.5 epsilon 0.10 steps  603174
... saving checkpoint ...
... saving checkpoint ...
episode 284 score:  14.0 average score 15.5 best score 15.5 epsilon 0.10 steps  605283
episode 285 score:  11.0 average score 15.5 best score 15.5 epsilon 0.10 steps  607531
episode 286 score:  15.0 average score 15.5 best score 15.5 epsilon 0.10 steps  609637
episode 287 score:  19.0 average score 15.5 best score 15.5 epsilon 0.10 steps  611362
episode 288 score:  15.0 average score 15.5 best score 15.5 epsilon 0.10 steps  613539
... saving checkpoint ...
... saving checkpoint ...
episode 289 score:  13.0 average score 15.5 best score 15.5 epsilon 0.10 steps  615837
episode 290 score:  9.0 average score 15.4 best score 15.5 epsilon 0.10 steps  618266
episode 291 score:  16.0 average score 15.4 best score 15.5 epsilon 0.10 steps  620420
episode 292 score:  18.0 average score 15.5 best score 15.5 epsilon 0.10 steps  622403
episode 293 score:  16.0 average score 15.5 best score 15.5 epsilon 0.10 steps  624358
... saving checkpoint ...
... saving checkpoint ...
episode 294 score:  16.0 average score 15.6 best score 15.5 epsilon 0.10 steps  626488
... saving checkpoint ...
... saving checkpoint ...
episode 295 score:  11.0 average score 15.5 best score 15.6 epsilon 0.10 steps  628882
episode 296 score:  16.0 average score 15.6 best score 15.6 epsilon 0.10 steps  630953
... saving checkpoint ...
... saving checkpoint ...
episode 297 score:  15.0 average score 15.5 best score 15.6 epsilon 0.10 steps  633022
episode 298 score:  20.0 average score 15.6 best score 15.6 epsilon 0.10 steps  634714
... saving checkpoint ...
... saving checkpoint ...
episode 299 score:  14.0 average score 15.6 best score 15.6 epsilon 0.10 steps  637351
episode 300 score:  15.0 average score 15.6 best score 15.6 epsilon 0.10 steps  639632
... saving checkpoint ...
... saving checkpoint ...
episode 301 score:  7.0 average score 15.5 best score 15.6 epsilon 0.10 steps  642494
episode 302 score:  21.0 average score 15.6 best score 15.6 epsilon 0.10 steps  644154
episode 303 score:  14.0 average score 15.5 best score 15.6 epsilon 0.10 steps  646220
episode 304 score:  21.0 average score 15.6 best score 15.6 epsilon 0.10 steps  647879
... saving checkpoint ...
... saving checkpoint ...
episode 305 score:  17.0 average score 15.6 best score 15.6 epsilon 0.10 steps  649854
... saving checkpoint ...
... saving checkpoint ...
episode 306 score:  17.0 average score 15.6 best score 15.6 epsilon 0.10 steps  652059
... saving checkpoint ...
... saving checkpoint ...
episode 307 score:  16.0 average score 15.7 best score 15.6 epsilon 0.10 steps  654118
... saving checkpoint ...
... saving checkpoint ...
episode 308 score:  18.0 average score 15.7 best score 15.7 epsilon 0.10 steps  656031
... saving checkpoint ...
... saving checkpoint ...
episode 309 score:  19.0 average score 15.7 best score 15.7 epsilon 0.10 steps  657880
... saving checkpoint ...
... saving checkpoint ...
episode 310 score:  16.0 average score 15.7 best score 15.7 epsilon 0.10 steps  659779
episode 311 score:  10.0 average score 15.6 best score 15.7 epsilon 0.10 steps  662331
episode 312 score:  21.0 average score 15.7 best score 15.7 epsilon 0.10 steps  663986
episode 313 score:  19.0 average score 15.7 best score 15.7 epsilon 0.10 steps  665901
episode 314 score:  17.0 average score 15.7 best score 15.7 epsilon 0.10 steps  667904
episode 315 score:  17.0 average score 15.7 best score 15.7 epsilon 0.10 steps  670019
episode 316 score:  15.0 average score 15.7 best score 15.7 epsilon 0.10 steps  672449
episode 317 score:  16.0 average score 15.7 best score 15.7 epsilon 0.10 steps  674609
episode 318 score:  17.0 average score 15.8 best score 15.7 epsilon 0.10 steps  676572
... saving checkpoint ...
... saving checkpoint ...
episode 319 score:  18.0 average score 15.8 best score 15.8 epsilon 0.10 steps  678612
episode 320 score:  16.0 average score 15.8 best score 15.8 epsilon 0.10 steps  680659
episode 321 score:  15.0 average score 15.8 best score 15.8 epsilon 0.10 steps  682794
... saving checkpoint ...
... saving checkpoint ...
episode 322 score:  18.0 average score 15.9 best score 15.8 epsilon 0.10 steps  684774
... saving checkpoint ...
... saving checkpoint ...
episode 323 score:  14.0 average score 15.9 best score 15.9 epsilon 0.10 steps  687032
episode 324 score:  17.0 average score 15.9 best score 15.9 epsilon 0.10 steps  689046
episode 325 score:  18.0 average score 15.9 best score 15.9 epsilon 0.10 steps  690971
... saving checkpoint ...
... saving checkpoint ...
episode 326 score:  14.0 average score 15.9 best score 15.9 epsilon 0.10 steps  693105
episode 327 score:  16.0 average score 15.9 best score 15.9 epsilon 0.10 steps  695025
episode 328 score:  13.0 average score 15.8 best score 15.9 epsilon 0.10 steps  697803
episode 329 score:  15.0 average score 15.8 best score 15.9 epsilon 0.10 steps  699988
episode 330 score:  17.0 average score 15.8 best score 15.9 epsilon 0.10 steps  702005
episode 331 score:  17.0 average score 15.8 best score 15.9 epsilon 0.10 steps  704020
episode 332 score:  10.0 average score 15.7 best score 15.9 epsilon 0.10 steps  706441
episode 333 score:  16.0 average score 15.8 best score 15.9 epsilon 0.10 steps  708435
episode 334 score:  18.0 average score 15.9 best score 15.9 epsilon 0.10 steps  710382
... saving checkpoint ...
... saving checkpoint ...
episode 335 score:  17.0 average score 15.9 best score 15.9 epsilon 0.10 steps  712192
episode 336 score:  19.0 average score 16.0 best score 15.9 epsilon 0.10 steps  713952
... saving checkpoint ...
... saving checkpoint ...
episode 337 score:  15.0 average score 16.0 best score 16.0 epsilon 0.10 steps  716104
... saving checkpoint ...
... saving checkpoint ...
episode 338 score:  17.0 average score 16.0 best score 16.0 epsilon 0.10 steps  718093
episode 339 score:  20.0 average score 16.1 best score 16.0 epsilon 0.10 steps  719903
... saving checkpoint ...
... saving checkpoint ...
episode 340 score:  14.0 average score 16.0 best score 16.1 epsilon 0.10 steps  722228
episode 341 score:  13.0 average score 16.0 best score 16.1 epsilon 0.10 steps  724508
episode 342 score:  15.0 average score 16.0 best score 16.1 epsilon 0.10 steps  726683
episode 343 score:  14.0 average score 16.0 best score 16.1 epsilon 0.10 steps  728965
episode 344 score:  10.0 average score 15.9 best score 16.1 epsilon 0.10 steps  731597
episode 345 score:  16.0 average score 15.9 best score 16.1 epsilon 0.10 steps  733663
episode 346 score:  18.0 average score 15.9 best score 16.1 epsilon 0.10 steps  735759
episode 347 score:  15.0 average score 16.0 best score 16.1 epsilon 0.10 steps  738029
episode 348 score:  14.0 average score 15.9 best score 16.1 epsilon 0.10 steps  740463
episode 349 score:  16.0 average score 15.9 best score 16.1 epsilon 0.10 steps  742513
episode 350 score:  19.0 average score 16.0 best score 16.1 epsilon 0.10 steps  744312
episode 351 score:  20.0 average score 16.0 best score 16.1 epsilon 0.10 steps  746209
episode 352 score:  18.0 average score 16.1 best score 16.1 epsilon 0.10 steps  748032
episode 353 score:  16.0 average score 16.0 best score 16.1 epsilon 0.10 steps  750049
episode 354 score:  19.0 average score 16.1 best score 16.1 epsilon 0.10 steps  751852
episode 355 score:  17.0 average score 16.1 best score 16.1 epsilon 0.10 steps  753828
episode 356 score:  18.0 average score 16.1 best score 16.1 epsilon 0.10 steps  755877
... saving checkpoint ...
... saving checkpoint ...
episode 357 score:  16.0 average score 16.1 best score 16.1 epsilon 0.10 steps  757855
... saving checkpoint ...
... saving checkpoint ...
episode 358 score:  18.0 average score 16.1 best score 16.1 epsilon 0.10 steps  759864
episode 359 score:  13.0 average score 16.1 best score 16.1 epsilon 0.10 steps  762248
episode 360 score:  14.0 average score 16.0 best score 16.1 epsilon 0.10 steps  764537
episode 361 score:  10.0 average score 15.9 best score 16.1 epsilon 0.10 steps  766671
episode 362 score:  16.0 average score 15.9 best score 16.1 epsilon 0.10 steps  768891
episode 363 score:  7.0 average score 15.8 best score 16.1 epsilon 0.10 steps  771519
episode 364 score:  19.0 average score 15.8 best score 16.1 epsilon 0.10 steps  773269
episode 365 score:  11.0 average score 15.8 best score 16.1 epsilon 0.10 steps  775987
episode 366 score:  18.0 average score 15.8 best score 16.1 epsilon 0.10 steps  777920
episode 367 score:  21.0 average score 15.8 best score 16.1 epsilon 0.10 steps  779680
episode 368 score:  20.0 average score 15.9 best score 16.1 epsilon 0.10 steps  781401
episode 369 score:  20.0 average score 15.9 best score 16.1 epsilon 0.10 steps  783153
episode 370 score:  19.0 average score 16.0 best score 16.1 epsilon 0.10 steps  784985
episode 371 score:  19.0 average score 16.1 best score 16.1 epsilon 0.10 steps  786919
episode 372 score:  15.0 average score 16.1 best score 16.1 epsilon 0.10 steps  789197
episode 373 score:  21.0 average score 16.1 best score 16.1 epsilon 0.10 steps  790894
episode 374 score:  19.0 average score 16.1 best score 16.1 epsilon 0.10 steps  792695
episode 375 score:  16.0 average score 16.1 best score 16.1 epsilon 0.10 steps  794912
episode 376 score:  17.0 average score 16.1 best score 16.1 epsilon 0.10 steps  796768
episode 377 score:  13.0 average score 16.1 best score 16.1 epsilon 0.10 steps  798905
episode 378 score:  16.0 average score 16.1 best score 16.1 epsilon 0.10 steps  800929
episode 379 score:  17.0 average score 16.1 best score 16.1 epsilon 0.10 steps  803034
episode 380 score:  17.0 average score 16.1 best score 16.1 epsilon 0.10 steps  805012
episode 381 score:  19.0 average score 16.1 best score 16.1 epsilon 0.10 steps  806828
episode 382 score:  15.0 average score 16.1 best score 16.1 epsilon 0.10 steps  808887
episode 383 score:  15.0 average score 16.0 best score 16.1 epsilon 0.10 steps  811114
episode 384 score:  17.0 average score 16.1 best score 16.1 epsilon 0.10 steps  813048
episode 385 score:  16.0 average score 16.1 best score 16.1 epsilon 0.10 steps  814969
episode 386 score:  13.0 average score 16.1 best score 16.1 epsilon 0.10 steps  817248
episode 387 score:  18.0 average score 16.1 best score 16.1 epsilon 0.10 steps  819243
episode 388 score:  19.0 average score 16.1 best score 16.1 epsilon 0.10 steps  821226
episode 389 score:  15.0 average score 16.1 best score 16.1 epsilon 0.10 steps  823415
... saving checkpoint ...
... saving checkpoint ...
episode 390 score:  14.0 average score 16.2 best score 16.1 epsilon 0.10 steps  825605
... saving checkpoint ...
... saving checkpoint ...
episode 391 score:  15.0 average score 16.2 best score 16.2 epsilon 0.10 steps  827716
episode 392 score:  20.0 average score 16.2 best score 16.2 epsilon 0.10 steps  829442
... saving checkpoint ...
... saving checkpoint ...
episode 393 score:  16.0 average score 16.2 best score 16.2 epsilon 0.10 steps  831742
episode 394 score:  11.0 average score 16.2 best score 16.2 epsilon 0.10 steps  834069
episode 395 score:  17.0 average score 16.2 best score 16.2 epsilon 0.10 steps  836195
... saving checkpoint ...
... saving checkpoint ...
episode 396 score:  13.0 average score 16.2 best score 16.2 epsilon 0.10 steps  838680
episode 397 score:  18.0 average score 16.2 best score 16.2 epsilon 0.10 steps  840597
episode 398 score:  19.0 average score 16.2 best score 16.2 epsilon 0.10 steps  842367
episode 399 score:  19.0 average score 16.3 best score 16.2 epsilon 0.10 steps  844183
... saving checkpoint ...
... saving checkpoint ...
episode 400 score:  16.0 average score 16.3 best score 16.3 epsilon 0.10 steps  846132
... saving checkpoint ...
... saving checkpoint ...
episode 401 score:  16.0 average score 16.4 best score 16.3 epsilon 0.10 steps  848423
... saving checkpoint ...
... saving checkpoint ...
episode 402 score:  12.0 average score 16.3 best score 16.4 epsilon 0.10 steps  850576
episode 403 score:  19.0 average score 16.3 best score 16.4 epsilon 0.10 steps  852387
episode 404 score:  14.0 average score 16.2 best score 16.4 epsilon 0.10 steps  854423
episode 405 score:  16.0 average score 16.2 best score 16.4 epsilon 0.10 steps  856810
episode 406 score:  16.0 average score 16.2 best score 16.4 epsilon 0.10 steps  859192
episode 407 score:  15.0 average score 16.2 best score 16.4 epsilon 0.10 steps  861391
episode 408 score:  16.0 average score 16.2 best score 16.4 epsilon 0.10 steps  863513
episode 409 score:  16.0 average score 16.2 best score 16.4 epsilon 0.10 steps  865431
episode 410 score:  19.0 average score 16.2 best score 16.4 epsilon 0.10 steps  867264
episode 411 score:  16.0 average score 16.3 best score 16.4 epsilon 0.10 steps  869310
episode 412 score:  11.0 average score 16.2 best score 16.4 epsilon 0.10 steps  871733
episode 413 score:  17.0 average score 16.1 best score 16.4 epsilon 0.10 steps  873700
episode 414 score:  15.0 average score 16.1 best score 16.4 epsilon 0.10 steps  875753
episode 415 score:  19.0 average score 16.1 best score 16.4 epsilon 0.10 steps  877572
episode 416 score:  16.0 average score 16.1 best score 16.4 epsilon 0.10 steps  879494
episode 417 score:  14.0 average score 16.1 best score 16.4 epsilon 0.10 steps  881555
episode 418 score:  17.0 average score 16.1 best score 16.4 epsilon 0.10 steps  883482
episode 419 score:  20.0 average score 16.1 best score 16.4 epsilon 0.10 steps  885221
episode 420 score:  17.0 average score 16.2 best score 16.4 epsilon 0.10 steps  887360
episode 421 score:  16.0 average score 16.2 best score 16.4 epsilon 0.10 steps  889942
episode 422 score:  15.0 average score 16.1 best score 16.4 epsilon 0.10 steps  892020
episode 423 score:  14.0 average score 16.1 best score 16.4 epsilon 0.10 steps  894292
episode 424 score:  17.0 average score 16.1 best score 16.4 epsilon 0.10 steps  896379
episode 425 score:  13.0 average score 16.1 best score 16.4 epsilon 0.10 steps  898543
episode 426 score:  20.0 average score 16.1 best score 16.4 epsilon 0.10 steps  900304
episode 427 score:  19.0 average score 16.2 best score 16.4 epsilon 0.10 steps  902179
episode 428 score:  13.0 average score 16.2 best score 16.4 epsilon 0.10 steps  904557
episode 429 score:  9.0 average score 16.1 best score 16.4 epsilon 0.10 steps  907176
episode 430 score:  15.0 average score 16.1 best score 16.4 epsilon 0.10 steps  909282
episode 431 score:  13.0 average score 16.1 best score 16.4 epsilon 0.10 steps  911836
episode 432 score:  17.0 average score 16.1 best score 16.4 epsilon 0.10 steps  913747
episode 433 score:  17.0 average score 16.1 best score 16.4 epsilon 0.10 steps  915812
episode 434 score:  16.0 average score 16.1 best score 16.4 epsilon 0.10 steps  917785
episode 435 score:  20.0 average score 16.1 best score 16.4 epsilon 0.10 steps  919653
episode 436 score:  17.0 average score 16.1 best score 16.4 epsilon 0.10 steps  921665
episode 437 score:  17.0 average score 16.1 best score 16.4 epsilon 0.10 steps  923565
episode 438 score:  18.0 average score 16.2 best score 16.4 epsilon 0.10 steps  925599
episode 439 score:  18.0 average score 16.1 best score 16.4 epsilon 0.10 steps  927593
episode 440 score:  14.0 average score 16.1 best score 16.4 epsilon 0.10 steps  929844
episode 441 score:  15.0 average score 16.2 best score 16.4 epsilon 0.10 steps  931931
episode 442 score:  15.0 average score 16.2 best score 16.4 epsilon 0.10 steps  934119
episode 443 score:  19.0 average score 16.2 best score 16.4 epsilon 0.10 steps  935877
episode 444 score:  17.0 average score 16.3 best score 16.4 epsilon 0.10 steps  937829
episode 445 score:  19.0 average score 16.3 best score 16.4 epsilon 0.10 steps  939814
episode 446 score:  15.0 average score 16.3 best score 16.4 epsilon 0.10 steps  941913
episode 447 score:  17.0 average score 16.3 best score 16.4 epsilon 0.10 steps  943824
episode 448 score:  15.0 average score 16.3 best score 16.4 epsilon 0.10 steps  945901
episode 449 score:  15.0 average score 16.3 best score 16.4 epsilon 0.10 steps  948363
episode 450 score:  16.0 average score 16.3 best score 16.4 epsilon 0.10 steps  950350
episode 451 score:  17.0 average score 16.2 best score 16.4 epsilon 0.10 steps  952547
episode 452 score:  17.0 average score 16.2 best score 16.4 epsilon 0.10 steps  954574
episode 453 score:  14.0 average score 16.2 best score 16.4 epsilon 0.10 steps  956569
episode 454 score:  16.0 average score 16.2 best score 16.4 epsilon 0.10 steps  958630
episode 455 score:  14.0 average score 16.1 best score 16.4 epsilon 0.10 steps  960631
episode 456 score:  16.0 average score 16.1 best score 16.4 epsilon 0.10 steps  962683
episode 457 score:  9.0 average score 16.1 best score 16.4 epsilon 0.10 steps  965122
episode 458 score:  18.0 average score 16.1 best score 16.4 epsilon 0.10 steps  967018
episode 459 score:  19.0 average score 16.1 best score 16.4 epsilon 0.10 steps  969005
episode 460 score:  20.0 average score 16.2 best score 16.4 epsilon 0.10 steps  970816
episode 461 score:  18.0 average score 16.3 best score 16.4 epsilon 0.10 steps  972670
episode 462 score:  14.0 average score 16.2 best score 16.4 epsilon 0.10 steps  975018
episode 463 score:  17.0 average score 16.3 best score 16.4 epsilon 0.10 steps  976959
episode 464 score:  12.0 average score 16.3 best score 16.4 epsilon 0.10 steps  979169
episode 465 score:  17.0 average score 16.3 best score 16.4 epsilon 0.10 steps  981001
episode 466 score:  16.0 average score 16.3 best score 16.4 epsilon 0.10 steps  983092
episode 467 score:  17.0 average score 16.3 best score 16.4 epsilon 0.10 steps  985263
episode 468 score:  13.0 average score 16.2 best score 16.4 epsilon 0.10 steps  987608
episode 469 score:  14.0 average score 16.1 best score 16.4 epsilon 0.10 steps  989731
episode 470 score:  19.0 average score 16.1 best score 16.4 epsilon 0.10 steps  991590
episode 471 score:  21.0 average score 16.2 best score 16.4 epsilon 0.10 steps  993561
episode 472 score:  13.0 average score 16.1 best score 16.4 epsilon 0.10 steps  995572
episode 473 score:  9.0 average score 16.0 best score 16.4 epsilon 0.10 steps  998044
episode 474 score:  15.0 average score 16.0 best score 16.4 epsilon 0.10 steps  1000265
episode 475 score:  15.0 average score 16.0 best score 16.4 epsilon 0.10 steps  1002251
episode 476 score:  12.0 average score 15.9 best score 16.4 epsilon 0.10 steps  1004563
episode 477 score:  15.0 average score 15.9 best score 16.4 epsilon 0.10 steps  1006671
episode 478 score:  15.0 average score 15.9 best score 16.4 epsilon 0.10 steps  1008679
episode 479 score:  16.0 average score 15.9 best score 16.4 epsilon 0.10 steps  1010723
episode 480 score:  11.0 average score 15.9 best score 16.4 epsilon 0.10 steps  1013509
episode 481 score:  15.0 average score 15.8 best score 16.4 epsilon 0.10 steps  1015624
episode 482 score:  16.0 average score 15.8 best score 16.4 epsilon 0.10 steps  1017621
episode 483 score:  18.0 average score 15.9 best score 16.4 epsilon 0.10 steps  1019453
episode 484 score:  19.0 average score 15.9 best score 16.4 epsilon 0.10 steps  1021339
episode 485 score:  14.0 average score 15.9 best score 16.4 epsilon 0.10 steps  1023775
episode 486 score:  13.0 average score 15.9 best score 16.4 epsilon 0.10 steps  1026403
episode 487 score:  9.0 average score 15.8 best score 16.4 epsilon 0.10 steps  1029326
episode 488 score:  11.0 average score 15.7 best score 16.4 epsilon 0.10 steps  1031844
episode 489 score:  19.0 average score 15.7 best score 16.4 epsilon 0.10 steps  1033941
episode 490 score:  13.0 average score 15.7 best score 16.4 epsilon 0.10 steps  1036218
episode 491 score:  16.0 average score 15.7 best score 16.4 epsilon 0.10 steps  1038143
episode 492 score:  17.0 average score 15.7 best score 16.4 epsilon 0.10 steps  1040242
episode 493 score:  18.0 average score 15.7 best score 16.4 epsilon 0.10 steps  1042139
episode 494 score:  18.0 average score 15.8 best score 16.4 epsilon 0.10 steps  1043987
episode 495 score:  21.0 average score 15.8 best score 16.4 epsilon 0.10 steps  1045760
episode 496 score:  17.0 average score 15.9 best score 16.4 epsilon 0.10 steps  1047703
episode 497 score:  18.0 average score 15.9 best score 16.4 epsilon 0.10 steps  1049619
episode 498 score:  16.0 average score 15.8 best score 16.4 epsilon 0.10 steps  1051635
episode 499 score:  18.0 average score 15.8 best score 16.4 epsilon 0.10 steps  1053614